<?xml version="1.0" encoding="UTF-8"?>
<testsuites name="Test Suite 2" time="26.438" tests="3" failures="0" errors="0">
   <testsuite name="Test Suite 2" tests="3" failures="0" errors="0" time="26.438" skipped="0" timestamp="29-01-2024T11:04:56" hostname="nurulainasyuhada - localhost" id="Test Suites/Test Suite 2">
      <properties>
         <property name="deviceName" value=""/>
         <property name="devicePlatform" value=""/>
         <property name="logFolder" value="/Users/nurulainasyuhada/git/KatalonPractice1/Reports/20240129_110450/Test Suite 2/20240129_110451"/>
         <property name="logFiles" value="/Users/nurulainasyuhada/git/KatalonPractice1/Reports/20240129_110450/Test Suite 2/20240129_110451/execution0.log"/>
         <property name="attachments" value=""/>
         <property name="hostName" value="nurulainasyuhada - localhost"/>
         <property name="os" value="Mac OS X 64bit"/>
         <property name="katalonVersion" value="9.2.0.212"/>
         <property name="browser" value="Chrome 120.0.6099.234"/>
         <property name="hostAddress" value="127.0.0.1"/>
         <property name="sessionId" value="1b5615abd577f728a1e40b99f61921f0"/>
         <property name="seleniumVersion" value="3.141.59"/>
         <property name="proxyInformation" value="ProxyInformation { proxyOption=NO_PROXY, proxyServerType=HTTP, username=, password=********, proxyServerAddress=, proxyServerPort=0, executionList=&quot;&quot;, isApplyToDesiredCapabilities=true }"/>
         <property name="platform" value="Mac OS X"/>
      </properties>
      <testcase name="Test Cases/Web Testing/Logout" time="12.123" classname="Test Cases/Web Testing/Logout" status="PASSED">
         <system-out><![CDATA[29-01-2024T11:04:56 - [TEST_CASE][PASSED] - Test Cases/Web Testing/Logout: Test Cases/Web Testing/Logout

29-01-2024T11:04:56 - [TEST_STEP][PASSED] - callTestCase(findTestCase("Web Testing/Reused Test Cases/Book Appointment"), [:], STOP_ON_FAILURE): Call Test Case 'Test Cases/Web Testing/Reused Test Cases/Book Appointment' successfully

29-01-2024T11:04:57 - [TEST_CASE][PASSED] - Test Cases/Web Testing/Reused Test Cases/Book Appointment: Test Cases/Web Testing/Reused Test Cases/Book Appointment

29-01-2024T11:04:57 - [TEST_STEP][PASSED] - callTestCase(findTestCase("Web Testing/Reused Test Cases/Login"), [:], STOP_ON_FAILURE): Call Test Case 'Test Cases/Web Testing/Reused Test Cases/Login' successfully

29-01-2024T11:04:57 - [TEST_CASE][PASSED] - Test Cases/Web Testing/Reused Test Cases/Login: Test Cases/Web Testing/Reused Test Cases/Login

29-01-2024T11:04:57 - [TEST_STEP][PASSED] - openBrowser(""): Browser is opened with url: ''

29-01-2024T11:04:57 - [MESSAGE][INFO] - Starting 'Chrome (headless)' driver

29-01-2024T11:04:57 - [MESSAGE][INFO] - Action delay is set to 0 milliseconds

29-01-2024T11:04:58 - [MESSAGE][PASSED] - Browser is opened with url: ''

29-01-2024T11:04:58 - [TEST_STEP][PASSED] - navigateToUrl("https://katalon-demo-cura.herokuapp.com/"): Navigate to 'https://katalon-demo-cura.herokuapp.com/' successfully

29-01-2024T11:05:03 - [MESSAGE][PASSED] - Navigate to 'https://katalon-demo-cura.herokuapp.com/' successfully

29-01-2024T11:05:03 - [TEST_STEP][PASSED] - click(findTestObject("Object Repository/Page_CURA Healthcare Service/a_Make Appointment")): Object: 'Object Repository/Page_CURA Healthcare Service/a_Make Appointment' is clicked on

29-01-2024T11:05:04 - [MESSAGE][PASSED] - Object: 'Object Repository/Page_CURA Healthcare Service/a_Make Appointment' is clicked on

29-01-2024T11:05:04 - [TEST_STEP][PASSED] - setText(findTestObject("Object Repository/Page_CURA Healthcare Service/input_username"), Username): Text 'John Doe' is set on object 'Object Repository/Page_CURA Healthcare Service/input_username'

29-01-2024T11:05:04 - [MESSAGE][PASSED] - Text 'John Doe' is set on object 'Object Repository/Page_CURA Healthcare Service/input_username'

29-01-2024T11:05:04 - [TEST_STEP][PASSED] - setText(findTestObject("Object Repository/Page_CURA Healthcare Service/input_password"), Password): Text 'ThisIsNotAPassword' is set on object 'Object Repository/Page_CURA Healthcare Service/input_password'

29-01-2024T11:05:04 - [MESSAGE][PASSED] - Text 'ThisIsNotAPassword' is set on object 'Object Repository/Page_CURA Healthcare Service/input_password'

29-01-2024T11:05:04 - [TEST_STEP][PASSED] - click(findTestObject("Object Repository/Page_CURA Healthcare Service/button_Login")): Object: 'Object Repository/Page_CURA Healthcare Service/button_Login' is clicked on

29-01-2024T11:05:05 - [MESSAGE][PASSED] - Object: 'Object Repository/Page_CURA Healthcare Service/button_Login' is clicked on

29-01-2024T11:05:05 - [MESSAGE][PASSED] - Call Test Case 'Test Cases/Web Testing/Reused Test Cases/Login' successfully

29-01-2024T11:05:05 - [TEST_STEP][PASSED] - selectOptionByValue(findTestObject("Object Repository/Page_CURA Healthcare Service/select_Tokyo CURA Healthcare Center        _5b4107"), "Seoul CURA Healthcare Center", true): All options with value 'Seoul CURA Healthcare Center' are selected in object 'Object Repository/Page_CURA Healthcare Service/select_Tokyo CURA Healthcare Center        _5b4107'  using regular expression

29-01-2024T11:05:05 - [MESSAGE][PASSED] - All options with value 'Seoul CURA Healthcare Center' are selected in object 'Object Repository/Page_CURA Healthcare Service/select_Tokyo CURA Healthcare Center        _5b4107'  using regular expression

29-01-2024T11:05:05 - [TEST_STEP][PASSED] - click(findTestObject("Object Repository/Page_CURA Healthcare Service/input_programs")): Object: 'Object Repository/Page_CURA Healthcare Service/input_programs' is clicked on

29-01-2024T11:05:05 - [MESSAGE][PASSED] - Object: 'Object Repository/Page_CURA Healthcare Service/input_programs' is clicked on

29-01-2024T11:05:05 - [TEST_STEP][PASSED] - click(findTestObject("Object Repository/Page_CURA Healthcare Service/input_visit_date")): Object: 'Object Repository/Page_CURA Healthcare Service/input_visit_date' is clicked on

29-01-2024T11:05:05 - [MESSAGE][PASSED] - Object: 'Object Repository/Page_CURA Healthcare Service/input_visit_date' is clicked on

29-01-2024T11:05:05 - [TEST_STEP][PASSED] - click(findTestObject("Object Repository/Page_CURA Healthcare Service/td_31")): Object: 'Object Repository/Page_CURA Healthcare Service/td_31' is clicked on

29-01-2024T11:05:05 - [MESSAGE][PASSED] - Object: 'Object Repository/Page_CURA Healthcare Service/td_31' is clicked on

29-01-2024T11:05:05 - [TEST_STEP][PASSED] - setText(findTestObject("Object Repository/Page_CURA Healthcare Service/textarea_comment"), "No comment"): Text 'No comment' is set on object 'Object Repository/Page_CURA Healthcare Service/textarea_comment'

29-01-2024T11:05:05 - [MESSAGE][PASSED] - Text 'No comment' is set on object 'Object Repository/Page_CURA Healthcare Service/textarea_comment'

29-01-2024T11:05:05 - [TEST_STEP][PASSED] - click(findTestObject("Object Repository/Page_CURA Healthcare Service/button_Book Appointment")): Object: 'Object Repository/Page_CURA Healthcare Service/button_Book Appointment' is clicked on

29-01-2024T11:05:06 - [MESSAGE][PASSED] - Object: 'Object Repository/Page_CURA Healthcare Service/button_Book Appointment' is clicked on

29-01-2024T11:05:06 - [TEST_STEP][PASSED] - navigateToUrl("https://katalon-demo-cura.herokuapp.com/appointment.php#summary"): Navigate to 'https://katalon-demo-cura.herokuapp.com/appointment.php#summary' successfully

29-01-2024T11:05:06 - [MESSAGE][PASSED] - Navigate to 'https://katalon-demo-cura.herokuapp.com/appointment.php#summary' successfully

29-01-2024T11:05:06 - [TEST_STEP][PASSED] - verifyElementText(findTestObject("Object Repository/Page_CURA Healthcare Service/h2_Appointment Confirmation"), "Appointment Confirmation"): Actual text and expected text of test object 'Object Repository/Page_CURA Healthcare Service/h2_Appointment Confirmation' are matched.

29-01-2024T11:05:06 - [MESSAGE][PASSED] - Actual text and expected text of test object 'Object Repository/Page_CURA Healthcare Service/h2_Appointment Confirmation' are matched.

29-01-2024T11:05:06 - [MESSAGE][PASSED] - Call Test Case 'Test Cases/Web Testing/Reused Test Cases/Book Appointment' successfully

29-01-2024T11:05:06 - [TEST_STEP][PASSED] - click(findTestObject("Object Repository/Page_CURA Healthcare Service/a_Go to Homepage")): Object: 'Object Repository/Page_CURA Healthcare Service/a_Go to Homepage' is clicked on

29-01-2024T11:05:07 - [MESSAGE][PASSED] - Object: 'Object Repository/Page_CURA Healthcare Service/a_Go to Homepage' is clicked on

29-01-2024T11:05:07 - [TEST_STEP][PASSED] - navigateToUrl("https://katalon-demo-cura.herokuapp.com/"): Navigate to 'https://katalon-demo-cura.herokuapp.com/' successfully

29-01-2024T11:05:07 - [MESSAGE][PASSED] - Navigate to 'https://katalon-demo-cura.herokuapp.com/' successfully

29-01-2024T11:05:07 - [TEST_STEP][PASSED] - click(findTestObject("Object Repository/Page_CURA Healthcare Service/i_fa fa-bars")): Object: 'Object Repository/Page_CURA Healthcare Service/i_fa fa-bars' is clicked on

29-01-2024T11:05:07 - [MESSAGE][PASSED] - Object: 'Object Repository/Page_CURA Healthcare Service/i_fa fa-bars' is clicked on

29-01-2024T11:05:07 - [TEST_STEP][PASSED] - click(findTestObject("Object Repository/Page_CURA Healthcare Service/a_Logout_1")): Object: 'Object Repository/Page_CURA Healthcare Service/a_Logout_1' is clicked on

29-01-2024T11:05:08 - [MESSAGE][PASSED] - Object: 'Object Repository/Page_CURA Healthcare Service/a_Logout_1' is clicked on

29-01-2024T11:05:08 - [TEST_STEP][PASSED] - navigateToUrl("https://katalon-demo-cura.herokuapp.com/"): Navigate to 'https://katalon-demo-cura.herokuapp.com/' successfully

29-01-2024T11:05:08 - [MESSAGE][PASSED] - Navigate to 'https://katalon-demo-cura.herokuapp.com/' successfully

29-01-2024T11:05:08 - [TEST_STEP][PASSED] - closeBrowser(): Browser is closed

29-01-2024T11:05:09 - [MESSAGE][PASSED] - Browser is closed]]></system-out>
         <system-err><![CDATA[]]></system-err>
      </testcase>
      <testcase name="Test Cases/Web Testing/Logout_history page" time="8.207" classname="Test Cases/Web Testing/Logout_history page" status="PASSED">
         <system-out><![CDATA[29-01-2024T11:05:09 - [TEST_CASE][PASSED] - Test Cases/Web Testing/Logout_history page: Test Cases/Web Testing/Logout_history page

29-01-2024T11:05:09 - [TEST_STEP][PASSED] - callTestCase(findTestCase("Web Testing/View history"), [:], STOP_ON_FAILURE): Call Test Case 'Test Cases/Web Testing/View history' successfully

29-01-2024T11:05:09 - [TEST_CASE][PASSED] - Test Cases/Web Testing/View history: Test Cases/Web Testing/View history

29-01-2024T11:05:09 - [TEST_STEP][PASSED] - callTestCase(findTestCase("Web Testing/Reused Test Cases/Book Appointment"), [:], STOP_ON_FAILURE): Call Test Case 'Test Cases/Web Testing/Reused Test Cases/Book Appointment' successfully

29-01-2024T11:05:09 - [TEST_CASE][PASSED] - Test Cases/Web Testing/Reused Test Cases/Book Appointment: Test Cases/Web Testing/Reused Test Cases/Book Appointment

29-01-2024T11:05:09 - [TEST_STEP][PASSED] - callTestCase(findTestCase("Web Testing/Reused Test Cases/Login"), [:], STOP_ON_FAILURE): Call Test Case 'Test Cases/Web Testing/Reused Test Cases/Login' successfully

29-01-2024T11:05:09 - [TEST_CASE][PASSED] - Test Cases/Web Testing/Reused Test Cases/Login: Test Cases/Web Testing/Reused Test Cases/Login

29-01-2024T11:05:09 - [TEST_STEP][PASSED] - openBrowser(""): Browser is opened with url: ''

29-01-2024T11:05:09 - [MESSAGE][INFO] - Starting 'Chrome (headless)' driver

29-01-2024T11:05:09 - [MESSAGE][INFO] - Action delay is set to 0 milliseconds

29-01-2024T11:05:09 - [MESSAGE][PASSED] - Browser is opened with url: ''

29-01-2024T11:05:09 - [TEST_STEP][PASSED] - navigateToUrl("https://katalon-demo-cura.herokuapp.com/"): Navigate to 'https://katalon-demo-cura.herokuapp.com/' successfully

29-01-2024T11:05:13 - [MESSAGE][PASSED] - Navigate to 'https://katalon-demo-cura.herokuapp.com/' successfully

29-01-2024T11:05:13 - [TEST_STEP][PASSED] - click(findTestObject("Object Repository/Page_CURA Healthcare Service/a_Make Appointment")): Object: 'Object Repository/Page_CURA Healthcare Service/a_Make Appointment' is clicked on

29-01-2024T11:05:14 - [MESSAGE][PASSED] - Object: 'Object Repository/Page_CURA Healthcare Service/a_Make Appointment' is clicked on

29-01-2024T11:05:14 - [TEST_STEP][PASSED] - setText(findTestObject("Object Repository/Page_CURA Healthcare Service/input_username"), Username): Text 'John Doe' is set on object 'Object Repository/Page_CURA Healthcare Service/input_username'

29-01-2024T11:05:14 - [MESSAGE][PASSED] - Text 'John Doe' is set on object 'Object Repository/Page_CURA Healthcare Service/input_username'

29-01-2024T11:05:14 - [TEST_STEP][PASSED] - setText(findTestObject("Object Repository/Page_CURA Healthcare Service/input_password"), Password): Text 'ThisIsNotAPassword' is set on object 'Object Repository/Page_CURA Healthcare Service/input_password'

29-01-2024T11:05:14 - [MESSAGE][PASSED] - Text 'ThisIsNotAPassword' is set on object 'Object Repository/Page_CURA Healthcare Service/input_password'

29-01-2024T11:05:14 - [TEST_STEP][PASSED] - click(findTestObject("Object Repository/Page_CURA Healthcare Service/button_Login")): Object: 'Object Repository/Page_CURA Healthcare Service/button_Login' is clicked on

29-01-2024T11:05:15 - [MESSAGE][PASSED] - Object: 'Object Repository/Page_CURA Healthcare Service/button_Login' is clicked on

29-01-2024T11:05:15 - [MESSAGE][PASSED] - Call Test Case 'Test Cases/Web Testing/Reused Test Cases/Login' successfully

29-01-2024T11:05:15 - [TEST_STEP][PASSED] - selectOptionByValue(findTestObject("Object Repository/Page_CURA Healthcare Service/select_Tokyo CURA Healthcare Center        _5b4107"), "Seoul CURA Healthcare Center", true): All options with value 'Seoul CURA Healthcare Center' are selected in object 'Object Repository/Page_CURA Healthcare Service/select_Tokyo CURA Healthcare Center        _5b4107'  using regular expression

29-01-2024T11:05:15 - [MESSAGE][PASSED] - All options with value 'Seoul CURA Healthcare Center' are selected in object 'Object Repository/Page_CURA Healthcare Service/select_Tokyo CURA Healthcare Center        _5b4107'  using regular expression

29-01-2024T11:05:15 - [TEST_STEP][PASSED] - click(findTestObject("Object Repository/Page_CURA Healthcare Service/input_programs")): Object: 'Object Repository/Page_CURA Healthcare Service/input_programs' is clicked on

29-01-2024T11:05:15 - [MESSAGE][PASSED] - Object: 'Object Repository/Page_CURA Healthcare Service/input_programs' is clicked on

29-01-2024T11:05:15 - [TEST_STEP][PASSED] - click(findTestObject("Object Repository/Page_CURA Healthcare Service/input_visit_date")): Object: 'Object Repository/Page_CURA Healthcare Service/input_visit_date' is clicked on

29-01-2024T11:05:15 - [MESSAGE][PASSED] - Object: 'Object Repository/Page_CURA Healthcare Service/input_visit_date' is clicked on

29-01-2024T11:05:15 - [TEST_STEP][PASSED] - click(findTestObject("Object Repository/Page_CURA Healthcare Service/td_31")): Object: 'Object Repository/Page_CURA Healthcare Service/td_31' is clicked on

29-01-2024T11:05:15 - [MESSAGE][PASSED] - Object: 'Object Repository/Page_CURA Healthcare Service/td_31' is clicked on

29-01-2024T11:05:15 - [TEST_STEP][PASSED] - setText(findTestObject("Object Repository/Page_CURA Healthcare Service/textarea_comment"), "No comment"): Text 'No comment' is set on object 'Object Repository/Page_CURA Healthcare Service/textarea_comment'

29-01-2024T11:05:15 - [MESSAGE][PASSED] - Text 'No comment' is set on object 'Object Repository/Page_CURA Healthcare Service/textarea_comment'

29-01-2024T11:05:15 - [TEST_STEP][PASSED] - click(findTestObject("Object Repository/Page_CURA Healthcare Service/button_Book Appointment")): Object: 'Object Repository/Page_CURA Healthcare Service/button_Book Appointment' is clicked on

29-01-2024T11:05:15 - [MESSAGE][PASSED] - Object: 'Object Repository/Page_CURA Healthcare Service/button_Book Appointment' is clicked on

29-01-2024T11:05:15 - [TEST_STEP][PASSED] - navigateToUrl("https://katalon-demo-cura.herokuapp.com/appointment.php#summary"): Navigate to 'https://katalon-demo-cura.herokuapp.com/appointment.php#summary' successfully

29-01-2024T11:05:15 - [MESSAGE][PASSED] - Navigate to 'https://katalon-demo-cura.herokuapp.com/appointment.php#summary' successfully

29-01-2024T11:05:15 - [TEST_STEP][PASSED] - verifyElementText(findTestObject("Object Repository/Page_CURA Healthcare Service/h2_Appointment Confirmation"), "Appointment Confirmation"): Actual text and expected text of test object 'Object Repository/Page_CURA Healthcare Service/h2_Appointment Confirmation' are matched.

29-01-2024T11:05:15 - [MESSAGE][PASSED] - Actual text and expected text of test object 'Object Repository/Page_CURA Healthcare Service/h2_Appointment Confirmation' are matched.

29-01-2024T11:05:15 - [MESSAGE][PASSED] - Call Test Case 'Test Cases/Web Testing/Reused Test Cases/Book Appointment' successfully

29-01-2024T11:05:15 - [TEST_STEP][PASSED] - click(findTestObject("Object Repository/Page_CURA Healthcare Service/i_fa fa-bars")): Object: 'Object Repository/Page_CURA Healthcare Service/i_fa fa-bars' is clicked on

29-01-2024T11:05:15 - [MESSAGE][PASSED] - Object: 'Object Repository/Page_CURA Healthcare Service/i_fa fa-bars' is clicked on

29-01-2024T11:05:15 - [TEST_STEP][PASSED] - click(findTestObject("Object Repository/Page_CURA Healthcare Service/a_History")): Object: 'Object Repository/Page_CURA Healthcare Service/a_History' is clicked on

29-01-2024T11:05:16 - [MESSAGE][PASSED] - Object: 'Object Repository/Page_CURA Healthcare Service/a_History' is clicked on

29-01-2024T11:05:16 - [TEST_STEP][PASSED] - navigateToUrl("https://katalon-demo-cura.herokuapp.com/history.php#history"): Navigate to 'https://katalon-demo-cura.herokuapp.com/history.php#history' successfully

29-01-2024T11:05:16 - [MESSAGE][PASSED] - Navigate to 'https://katalon-demo-cura.herokuapp.com/history.php#history' successfully

29-01-2024T11:05:16 - [TEST_STEP][PASSED] - currentwindow = getUrl(): Current window's url is: 'https://katalon-demo-cura.herokuapp.com/history.php#history'

29-01-2024T11:05:16 - [MESSAGE][PASSED] - Current window's url is: 'https://katalon-demo-cura.herokuapp.com/history.php#history'

29-01-2024T11:05:16 - [TEST_STEP][PASSED] - verifyMatch(currentwindow, "https://katalon-demo-cura.herokuapp.com/history.php#history", false): Actual text 'https://katalon-demo-cura.herokuapp.com/history.php#history' and expected text 'https://katalon-demo-cura.herokuapp.com/history.php#history' are matched 

29-01-2024T11:05:16 - [MESSAGE][PASSED] - Actual text 'https://katalon-demo-cura.herokuapp.com/history.php#history' and expected text 'https://katalon-demo-cura.herokuapp.com/history.php#history' are matched 

29-01-2024T11:05:16 - [TEST_STEP][PASSED] - verifyElementText(findTestObject("Object Repository/Page_CURA Healthcare Service/h2_History"), "History"): Actual text and expected text of test object 'Object Repository/Page_CURA Healthcare Service/h2_History' are matched.

29-01-2024T11:05:16 - [MESSAGE][PASSED] - Actual text and expected text of test object 'Object Repository/Page_CURA Healthcare Service/h2_History' are matched.

29-01-2024T11:05:16 - [TEST_STEP][PASSED] - verifyElementText(findTestObject("Object Repository/Page_CURA Healthcare Service/p_Seoul CURA Healthcare Center"), "Seoul CURA Healthcare Center"): Actual text and expected text of test object 'Object Repository/Page_CURA Healthcare Service/p_Seoul CURA Healthcare Center' are matched.

29-01-2024T11:05:16 - [MESSAGE][PASSED] - Actual text and expected text of test object 'Object Repository/Page_CURA Healthcare Service/p_Seoul CURA Healthcare Center' are matched.

29-01-2024T11:05:16 - [TEST_STEP][PASSED] - verifyElementText(findTestObject("Object Repository/Page_CURA Healthcare Service/p_No"), "No"): Actual text and expected text of test object 'Object Repository/Page_CURA Healthcare Service/p_No' are matched.

29-01-2024T11:05:16 - [MESSAGE][PASSED] - Actual text and expected text of test object 'Object Repository/Page_CURA Healthcare Service/p_No' are matched.

29-01-2024T11:05:16 - [TEST_STEP][PASSED] - verifyElementText(findTestObject("Object Repository/Page_CURA Healthcare Service/p_Medicaid"), "Medicaid"): Actual text and expected text of test object 'Object Repository/Page_CURA Healthcare Service/p_Medicaid' are matched.

29-01-2024T11:05:16 - [MESSAGE][PASSED] - Actual text and expected text of test object 'Object Repository/Page_CURA Healthcare Service/p_Medicaid' are matched.

29-01-2024T11:05:16 - [TEST_STEP][PASSED] - verifyElementText(findTestObject("Object Repository/Page_CURA Healthcare Service/p_No comment"), "No comment"): Actual text and expected text of test object 'Object Repository/Page_CURA Healthcare Service/p_No comment' are matched.

29-01-2024T11:05:16 - [MESSAGE][PASSED] - Actual text and expected text of test object 'Object Repository/Page_CURA Healthcare Service/p_No comment' are matched.

29-01-2024T11:05:16 - [MESSAGE][PASSED] - Call Test Case 'Test Cases/Web Testing/View history' successfully

29-01-2024T11:05:16 - [TEST_STEP][PASSED] - click(findTestObject("Object Repository/Page_CURA Healthcare Service/i_fa fa-bars")): Object: 'Object Repository/Page_CURA Healthcare Service/i_fa fa-bars' is clicked on

29-01-2024T11:05:16 - [MESSAGE][PASSED] - Object: 'Object Repository/Page_CURA Healthcare Service/i_fa fa-bars' is clicked on

29-01-2024T11:05:16 - [TEST_STEP][PASSED] - click(findTestObject("Object Repository/Page_CURA Healthcare Service/a_Logout")): Object: 'Object Repository/Page_CURA Healthcare Service/a_Logout' is clicked on

29-01-2024T11:05:16 - [MESSAGE][PASSED] - Object: 'Object Repository/Page_CURA Healthcare Service/a_Logout' is clicked on

29-01-2024T11:05:16 - [TEST_STEP][PASSED] - navigateToUrl("https://katalon-demo-cura.herokuapp.com/"): Navigate to 'https://katalon-demo-cura.herokuapp.com/' successfully

29-01-2024T11:05:17 - [MESSAGE][PASSED] - Navigate to 'https://katalon-demo-cura.herokuapp.com/' successfully

29-01-2024T11:05:17 - [TEST_STEP][PASSED] - closeBrowser(): Browser is closed

29-01-2024T11:05:17 - [MESSAGE][PASSED] - Browser is closed]]></system-out>
         <system-err><![CDATA[]]></system-err>
      </testcase>
      <testcase name="Test Cases/Web Testing/Logout_profile page" time="6.029" classname="Test Cases/Web Testing/Logout_profile page" status="PASSED">
         <system-out><![CDATA[29-01-2024T11:05:17 - [TEST_CASE][PASSED] - Test Cases/Web Testing/Logout_profile page: Test Cases/Web Testing/Logout_profile page

29-01-2024T11:05:17 - [TEST_STEP][PASSED] - callTestCase(findTestCase("Web Testing/View profile"), [:], STOP_ON_FAILURE): Call Test Case 'Test Cases/Web Testing/View profile' successfully

29-01-2024T11:05:17 - [TEST_CASE][PASSED] - Test Cases/Web Testing/View profile: Test Cases/Web Testing/View profile

29-01-2024T11:05:17 - [TEST_STEP][PASSED] - callTestCase(findTestCase("Web Testing/Reused Test Cases/Login"), ["Username":"John Doe", "Password":"ThisIsNotAPassword"], STOP_ON_FAILURE): Call Test Case 'Test Cases/Web Testing/Reused Test Cases/Login' successfully

29-01-2024T11:05:17 - [TEST_CASE][PASSED] - Test Cases/Web Testing/Reused Test Cases/Login: Test Cases/Web Testing/Reused Test Cases/Login

29-01-2024T11:05:17 - [TEST_STEP][PASSED] - openBrowser(""): Browser is opened with url: ''

29-01-2024T11:05:17 - [MESSAGE][INFO] - Starting 'Chrome (headless)' driver

29-01-2024T11:05:17 - [MESSAGE][INFO] - Action delay is set to 0 milliseconds

29-01-2024T11:05:17 - [MESSAGE][PASSED] - Browser is opened with url: ''

29-01-2024T11:05:17 - [TEST_STEP][PASSED] - navigateToUrl("https://katalon-demo-cura.herokuapp.com/"): Navigate to 'https://katalon-demo-cura.herokuapp.com/' successfully

29-01-2024T11:05:20 - [MESSAGE][PASSED] - Navigate to 'https://katalon-demo-cura.herokuapp.com/' successfully

29-01-2024T11:05:20 - [TEST_STEP][PASSED] - click(findTestObject("Object Repository/Page_CURA Healthcare Service/a_Make Appointment")): Object: 'Object Repository/Page_CURA Healthcare Service/a_Make Appointment' is clicked on

29-01-2024T11:05:20 - [MESSAGE][PASSED] - Object: 'Object Repository/Page_CURA Healthcare Service/a_Make Appointment' is clicked on

29-01-2024T11:05:20 - [TEST_STEP][PASSED] - setText(findTestObject("Object Repository/Page_CURA Healthcare Service/input_username"), Username): Text 'John Doe' is set on object 'Object Repository/Page_CURA Healthcare Service/input_username'

29-01-2024T11:05:20 - [MESSAGE][PASSED] - Text 'John Doe' is set on object 'Object Repository/Page_CURA Healthcare Service/input_username'

29-01-2024T11:05:20 - [TEST_STEP][PASSED] - setText(findTestObject("Object Repository/Page_CURA Healthcare Service/input_password"), Password): Text 'ThisIsNotAPassword' is set on object 'Object Repository/Page_CURA Healthcare Service/input_password'

29-01-2024T11:05:21 - [MESSAGE][PASSED] - Text 'ThisIsNotAPassword' is set on object 'Object Repository/Page_CURA Healthcare Service/input_password'

29-01-2024T11:05:21 - [TEST_STEP][PASSED] - click(findTestObject("Object Repository/Page_CURA Healthcare Service/button_Login")): Object: 'Object Repository/Page_CURA Healthcare Service/button_Login' is clicked on

29-01-2024T11:05:21 - [MESSAGE][PASSED] - Object: 'Object Repository/Page_CURA Healthcare Service/button_Login' is clicked on

29-01-2024T11:05:21 - [MESSAGE][PASSED] - Call Test Case 'Test Cases/Web Testing/Reused Test Cases/Login' successfully

29-01-2024T11:05:21 - [TEST_STEP][PASSED] - click(findTestObject("Object Repository/Page_CURA Healthcare Service/amenu-toggle")): Object: 'Object Repository/Page_CURA Healthcare Service/amenu-toggle' is clicked on

29-01-2024T11:05:21 - [MESSAGE][PASSED] - Object: 'Object Repository/Page_CURA Healthcare Service/amenu-toggle' is clicked on

29-01-2024T11:05:21 - [TEST_STEP][PASSED] - click(findTestObject("Object Repository/Page_CURA Healthcare Service/a_Profile")): Object: 'Object Repository/Page_CURA Healthcare Service/a_Profile' is clicked on

29-01-2024T11:05:22 - [MESSAGE][PASSED] - Object: 'Object Repository/Page_CURA Healthcare Service/a_Profile' is clicked on

29-01-2024T11:05:22 - [TEST_STEP][PASSED] - navigateToUrl("https://katalon-demo-cura.herokuapp.com/profile.php#profile"): Navigate to 'https://katalon-demo-cura.herokuapp.com/profile.php#profile' successfully

29-01-2024T11:05:22 - [MESSAGE][PASSED] - Navigate to 'https://katalon-demo-cura.herokuapp.com/profile.php#profile' successfully

29-01-2024T11:05:22 - [TEST_STEP][PASSED] - verifyElementText(findTestObject("Object Repository/Page_CURA Healthcare Service/h2_Profile"), "Profile"): Actual text and expected text of test object 'Object Repository/Page_CURA Healthcare Service/h2_Profile' are matched.

29-01-2024T11:05:22 - [MESSAGE][PASSED] - Actual text and expected text of test object 'Object Repository/Page_CURA Healthcare Service/h2_Profile' are matched.

29-01-2024T11:05:22 - [TEST_STEP][PASSED] - verifyElementPresent(findTestObject("Object Repository/Page_CURA Healthcare Service/a_Logout"), 0): Object 'Object Repository/Page_CURA Healthcare Service/a_Logout' is present

29-01-2024T11:05:22 - [MESSAGE][WARNING] - Timeout '0' is invalid. Using default page load timeout: '30'

29-01-2024T11:05:22 - [MESSAGE][PASSED] - Object 'Object Repository/Page_CURA Healthcare Service/a_Logout' is present

29-01-2024T11:05:22 - [MESSAGE][PASSED] - Call Test Case 'Test Cases/Web Testing/View profile' successfully

29-01-2024T11:05:22 - [TEST_STEP][PASSED] - click(findTestObject("Object Repository/Page_CURA Healthcare Service/a_Logout")): Object: 'Object Repository/Page_CURA Healthcare Service/a_Logout' is clicked on

29-01-2024T11:05:22 - [MESSAGE][PASSED] - Object: 'Object Repository/Page_CURA Healthcare Service/a_Logout' is clicked on

29-01-2024T11:05:22 - [TEST_STEP][PASSED] - navigateToUrl("https://katalon-demo-cura.herokuapp.com/"): Navigate to 'https://katalon-demo-cura.herokuapp.com/' successfully

29-01-2024T11:05:23 - [MESSAGE][PASSED] - Navigate to 'https://katalon-demo-cura.herokuapp.com/' successfully

29-01-2024T11:05:23 - [TEST_STEP][PASSED] - closeBrowser(): Browser is closed

29-01-2024T11:05:23 - [MESSAGE][PASSED] - Browser is closed]]></system-out>
         <system-err><![CDATA[]]></system-err>
      </testcase>
      <system-out><![CDATA[29-01-2024T11:04:56 - [TEST_SUITE][PASSED] - Test Suite 2: Test Cases/Web Testing/Logout_profile page]]></system-out>
      <system-err><![CDATA[]]></system-err>
   </testsuite>
</testsuites>
