<?xml version="1.0" encoding="UTF-8"?>
<testsuites name="Test Suite 2" time="185.684" tests="3" failures="1" errors="0">
   <testsuite name="Test Suite 2" tests="3" failures="1" errors="0" time="185.684" skipped="0" timestamp="26-01-2024T13:33:34" hostname="nurulainasyuhada - 192.168.100.10" id="Test Suites/Test Suite 2">
      <properties>
         <property name="deviceName" value=""/>
         <property name="devicePlatform" value=""/>
         <property name="logFolder" value="/Users/nurulainasyuhada/git/KatalonPractice1/Reports/20240126_133326/Test Suite 2/20240126_133327"/>
         <property name="logFiles" value="/Users/nurulainasyuhada/git/KatalonPractice1/Reports/20240126_133326/Test Suite 2/20240126_133327/execution0.log"/>
         <property name="attachments" value="/Users/nurulainasyuhada/git/KatalonPractice1/Reports/20240126_133326/Test Suite 2/20240126_133327/1706247260539.png, /Users/nurulainasyuhada/git/KatalonPractice1/Reports/20240126_133326/Test Suite 2/20240126_133327/1706247301310.png, /Users/nurulainasyuhada/git/KatalonPractice1/Reports/20240126_133326/Test Suite 2/20240126_133327/1706247341703.png, /Users/nurulainasyuhada/git/KatalonPractice1/Reports/20240126_133326/Test Suite 2/20240126_133327/1706247382935.png"/>
         <property name="hostName" value="nurulainasyuhada - 192.168.100.10"/>
         <property name="os" value="Mac OS X 64bit"/>
         <property name="katalonVersion" value="9.2.0.212"/>
         <property name="browser" value="Chrome 120.0.6099.234"/>
         <property name="hostAddress" value="192.168.100.10"/>
         <property name="sessionId" value="9944d0550b3dc768ad545e73a6c39c7c"/>
         <property name="seleniumVersion" value="3.141.59"/>
         <property name="proxyInformation" value="ProxyInformation { proxyOption=NO_PROXY, proxyServerType=HTTP, username=, password=********, proxyServerAddress=, proxyServerPort=0, executionList=&quot;&quot;, isApplyToDesiredCapabilities=true }"/>
         <property name="platform" value="Mac OS X"/>
      </properties>
      <testcase name="Test Cases/Web Testing/Logout" time="41.237" classname="Test Cases/Web Testing/Logout" status="FAILED">
         <failure type="FAILED" message="Test Cases/Web Testing/Logout FAILED.&#xa;Reason:&#xa;com.kms.katalon.core.exception.StepFailedException: Unable to click on object 'Object Repository/Page_CURA Healthcare Service/a_Logout'&#xa;	at com.kms.katalon.core.webui.keyword.internal.WebUIKeywordMain.stepFailed(WebUIKeywordMain.groovy:64)&#xa;	at com.kms.katalon.core.webui.keyword.internal.WebUIKeywordMain.runKeyword(WebUIKeywordMain.groovy:26)&#xa;	at com.kms.katalon.core.webui.keyword.builtin.ClickKeyword.click(ClickKeyword.groovy:74)&#xa;	at com.kms.katalon.core.webui.keyword.builtin.ClickKeyword.execute(ClickKeyword.groovy:40)&#xa;	at com.kms.katalon.core.keyword.internal.KeywordExecutor.executeKeywordForPlatform(KeywordExecutor.groovy:74)&#xa;	at com.kms.katalon.core.webui.keyword.WebUiBuiltInKeywords.click(WebUiBuiltInKeywords.groovy:659)&#xa;	at Logout.run(Logout:28)&#xa;	at com.kms.katalon.core.main.ScriptEngine.run(ScriptEngine.java:194)&#xa;	at com.kms.katalon.core.main.ScriptEngine.runScriptAsRawText(ScriptEngine.java:119)&#xa;	at com.kms.katalon.core.main.TestCaseExecutor.runScript(TestCaseExecutor.java:448)&#xa;	at com.kms.katalon.core.main.TestCaseExecutor.doExecute(TestCaseExecutor.java:439)&#xa;	at com.kms.katalon.core.main.TestCaseExecutor.processExecutionPhase(TestCaseExecutor.java:418)&#xa;	at com.kms.katalon.core.main.TestCaseExecutor.accessMainPhase(TestCaseExecutor.java:410)&#xa;	at com.kms.katalon.core.main.TestCaseExecutor.execute(TestCaseExecutor.java:285)&#xa;	at com.kms.katalon.core.main.TestCaseExecutor.execute(TestCaseExecutor.java:369)&#xa;	at com.kms.katalon.core.main.TestCaseExecutor.execute(TestCaseExecutor.java:369)&#xa;	at com.kms.katalon.core.main.TestCaseExecutor.execute(TestCaseExecutor.java:369)&#xa;	at com.kms.katalon.core.common.CommonExecutor.accessTestCaseMainPhase(CommonExecutor.java:65)&#xa;	at com.kms.katalon.core.main.TestSuiteExecutor.accessTestSuiteMainPhase(TestSuiteExecutor.java:148)&#xa;	at com.kms.katalon.core.main.TestSuiteExecutor.execute(TestSuiteExecutor.java:106)&#xa;	at com.kms.katalon.core.main.TestCaseMain.startTestSuite(TestCaseMain.java:180)&#xa;	at TempTestSuite1706247207825.run(TempTestSuite1706247207825.groovy:36)&#xa;	at java.base/jdk.internal.reflect.NativeMethodAccessorImpl.invoke0(Native Method)&#xa;	at java.base/jdk.internal.reflect.NativeMethodAccessorImpl.invoke(NativeMethodAccessorImpl.java:77)&#xa;	at java.base/jdk.internal.reflect.DelegatingMethodAccessorImpl.invoke(DelegatingMethodAccessorImpl.java:43)&#xa;Caused by: com.kms.katalon.core.webui.exception.WebElementNotFoundException: Web element with id: 'Object Repository/Page_CURA Healthcare Service/a_Logout' located by 'a.btn.btn-default' not found&#xa;	at com.kms.katalon.core.webui.common.WebUiCommonHelper.findWebElement(WebUiCommonHelper.java:1379)&#xa;	at com.kms.katalon.core.webui.keyword.internal.WebUIAbstractKeyword.findWebElement(WebUIAbstractKeyword.groovy:27)&#xa;	at com.kms.katalon.core.webui.keyword.builtin.ClickKeyword$_click_closure1.doCall(ClickKeyword.groovy:65)&#xa;	at com.kms.katalon.core.webui.keyword.builtin.ClickKeyword$_click_closure1.call(ClickKeyword.groovy)&#xa;	at com.kms.katalon.core.webui.keyword.internal.WebUIKeywordMain.runKeyword(WebUIKeywordMain.groovy:20)&#xa;	... 23 more&#xa;"/>
         <system-out><![CDATA[26-01-2024T13:35:42 - [TEST_CASE][FAILED] - Test Cases/Web Testing/Logout: Test Cases/Web Testing/Logout FAILED.
Reason:
com.kms.katalon.core.exception.StepFailedException: Unable to click on object 'Object Repository/Page_CURA Healthcare Service/a_Logout'
	at com.kms.katalon.core.webui.keyword.internal.WebUIKeywordMain.stepFailed(WebUIKeywordMain.groovy:64)
	at com.kms.katalon.core.webui.keyword.internal.WebUIKeywordMain.runKeyword(WebUIKeywordMain.groovy:26)
	at com.kms.katalon.core.webui.keyword.builtin.ClickKeyword.click(ClickKeyword.groovy:74)
	at com.kms.katalon.core.webui.keyword.builtin.ClickKeyword.execute(ClickKeyword.groovy:40)
	at com.kms.katalon.core.keyword.internal.KeywordExecutor.executeKeywordForPlatform(KeywordExecutor.groovy:74)
	at com.kms.katalon.core.webui.keyword.WebUiBuiltInKeywords.click(WebUiBuiltInKeywords.groovy:659)
	at Logout.run(Logout:28)
	at com.kms.katalon.core.main.ScriptEngine.run(ScriptEngine.java:194)
	at com.kms.katalon.core.main.ScriptEngine.runScriptAsRawText(ScriptEngine.java:119)
	at com.kms.katalon.core.main.TestCaseExecutor.runScript(TestCaseExecutor.java:448)
	at com.kms.katalon.core.main.TestCaseExecutor.doExecute(TestCaseExecutor.java:439)
	at com.kms.katalon.core.main.TestCaseExecutor.processExecutionPhase(TestCaseExecutor.java:418)
	at com.kms.katalon.core.main.TestCaseExecutor.accessMainPhase(TestCaseExecutor.java:410)
	at com.kms.katalon.core.main.TestCaseExecutor.execute(TestCaseExecutor.java:285)
	at com.kms.katalon.core.main.TestCaseExecutor.execute(TestCaseExecutor.java:369)
	at com.kms.katalon.core.main.TestCaseExecutor.execute(TestCaseExecutor.java:369)
	at com.kms.katalon.core.main.TestCaseExecutor.execute(TestCaseExecutor.java:369)
	at com.kms.katalon.core.common.CommonExecutor.accessTestCaseMainPhase(CommonExecutor.java:65)
	at com.kms.katalon.core.main.TestSuiteExecutor.accessTestSuiteMainPhase(TestSuiteExecutor.java:148)
	at com.kms.katalon.core.main.TestSuiteExecutor.execute(TestSuiteExecutor.java:106)
	at com.kms.katalon.core.main.TestCaseMain.startTestSuite(TestCaseMain.java:180)
	at TempTestSuite1706247207825.run(TempTestSuite1706247207825.groovy:36)
	at java.base/jdk.internal.reflect.NativeMethodAccessorImpl.invoke0(Native Method)
	at java.base/jdk.internal.reflect.NativeMethodAccessorImpl.invoke(NativeMethodAccessorImpl.java:77)
	at java.base/jdk.internal.reflect.DelegatingMethodAccessorImpl.invoke(DelegatingMethodAccessorImpl.java:43)
Caused by: com.kms.katalon.core.webui.exception.WebElementNotFoundException: Web element with id: 'Object Repository/Page_CURA Healthcare Service/a_Logout' located by 'a.btn.btn-default' not found
	at com.kms.katalon.core.webui.common.WebUiCommonHelper.findWebElement(WebUiCommonHelper.java:1379)
	at com.kms.katalon.core.webui.keyword.internal.WebUIAbstractKeyword.findWebElement(WebUIAbstractKeyword.groovy:27)
	at com.kms.katalon.core.webui.keyword.builtin.ClickKeyword$_click_closure1.doCall(ClickKeyword.groovy:65)
	at com.kms.katalon.core.webui.keyword.builtin.ClickKeyword$_click_closure1.call(ClickKeyword.groovy)
	at com.kms.katalon.core.webui.keyword.internal.WebUIKeywordMain.runKeyword(WebUIKeywordMain.groovy:20)
	... 23 more


26-01-2024T13:35:42 - [TEST_STEP][PASSED] - callTestCase(findTestCase("Web Testing/Reused Test Cases/Book Appointment"), [:], STOP_ON_FAILURE): Call Test Case 'Test Cases/Web Testing/Reused Test Cases/Book Appointment' successfully

26-01-2024T13:35:42 - [TEST_CASE][PASSED] - Test Cases/Web Testing/Reused Test Cases/Book Appointment: Test Cases/Web Testing/Reused Test Cases/Book Appointment

26-01-2024T13:35:42 - [TEST_STEP][PASSED] - callTestCase(findTestCase("Web Testing/Reused Test Cases/Login"), [:], STOP_ON_FAILURE): Call Test Case 'Test Cases/Web Testing/Reused Test Cases/Login' successfully

26-01-2024T13:35:42 - [TEST_CASE][PASSED] - Test Cases/Web Testing/Reused Test Cases/Login: Test Cases/Web Testing/Reused Test Cases/Login

26-01-2024T13:35:42 - [TEST_STEP][PASSED] - openBrowser(""): Browser is opened with url: ''

26-01-2024T13:35:42 - [MESSAGE][WARNING] - A browser is already opened. Closing browser and opening a new one

26-01-2024T13:35:42 - [MESSAGE][INFO] - Starting 'Chrome (headless)' driver

26-01-2024T13:35:42 - [MESSAGE][INFO] - Action delay is set to 0 milliseconds

26-01-2024T13:35:42 - [MESSAGE][PASSED] - Browser is opened with url: ''

26-01-2024T13:35:42 - [TEST_STEP][PASSED] - navigateToUrl("https://katalon-demo-cura.herokuapp.com/"): Navigate to 'https://katalon-demo-cura.herokuapp.com/' successfully

26-01-2024T13:35:46 - [MESSAGE][PASSED] - Navigate to 'https://katalon-demo-cura.herokuapp.com/' successfully

26-01-2024T13:35:46 - [TEST_STEP][PASSED] - click(findTestObject("Object Repository/Page_CURA Healthcare Service/a_Make Appointment")): Object: 'Object Repository/Page_CURA Healthcare Service/a_Make Appointment' is clicked on

26-01-2024T13:35:46 - [MESSAGE][PASSED] - Object: 'Object Repository/Page_CURA Healthcare Service/a_Make Appointment' is clicked on

26-01-2024T13:35:46 - [TEST_STEP][PASSED] - setText(findTestObject("Object Repository/Page_CURA Healthcare Service/input_username"), Username): Text 'John Doe' is set on object 'Object Repository/Page_CURA Healthcare Service/input_username'

26-01-2024T13:35:46 - [MESSAGE][PASSED] - Text 'John Doe' is set on object 'Object Repository/Page_CURA Healthcare Service/input_username'

26-01-2024T13:35:46 - [TEST_STEP][PASSED] - setText(findTestObject("Object Repository/Page_CURA Healthcare Service/input_password"), Password): Text 'ThisIsNotAPassword' is set on object 'Object Repository/Page_CURA Healthcare Service/input_password'

26-01-2024T13:35:46 - [MESSAGE][PASSED] - Text 'ThisIsNotAPassword' is set on object 'Object Repository/Page_CURA Healthcare Service/input_password'

26-01-2024T13:35:46 - [TEST_STEP][PASSED] - click(findTestObject("Object Repository/Page_CURA Healthcare Service/button_Login")): Object: 'Object Repository/Page_CURA Healthcare Service/button_Login' is clicked on

26-01-2024T13:35:47 - [MESSAGE][PASSED] - Object: 'Object Repository/Page_CURA Healthcare Service/button_Login' is clicked on

26-01-2024T13:35:47 - [MESSAGE][PASSED] - Call Test Case 'Test Cases/Web Testing/Reused Test Cases/Login' successfully

26-01-2024T13:35:47 - [TEST_STEP][PASSED] - selectOptionByValue(findTestObject("Object Repository/Page_CURA Healthcare Service/select_Tokyo CURA Healthcare Center        _5b4107"), "Seoul CURA Healthcare Center", true): All options with value 'Seoul CURA Healthcare Center' are selected in object 'Object Repository/Page_CURA Healthcare Service/select_Tokyo CURA Healthcare Center        _5b4107'  using regular expression

26-01-2024T13:35:47 - [MESSAGE][PASSED] - All options with value 'Seoul CURA Healthcare Center' are selected in object 'Object Repository/Page_CURA Healthcare Service/select_Tokyo CURA Healthcare Center        _5b4107'  using regular expression

26-01-2024T13:35:47 - [TEST_STEP][PASSED] - click(findTestObject("Object Repository/Page_CURA Healthcare Service/input_programs")): Object: 'Object Repository/Page_CURA Healthcare Service/input_programs' is clicked on

26-01-2024T13:35:47 - [MESSAGE][PASSED] - Object: 'Object Repository/Page_CURA Healthcare Service/input_programs' is clicked on

26-01-2024T13:35:47 - [TEST_STEP][PASSED] - click(findTestObject("Object Repository/Page_CURA Healthcare Service/input_visit_date")): Object: 'Object Repository/Page_CURA Healthcare Service/input_visit_date' is clicked on

26-01-2024T13:35:47 - [MESSAGE][PASSED] - Object: 'Object Repository/Page_CURA Healthcare Service/input_visit_date' is clicked on

26-01-2024T13:35:47 - [TEST_STEP][PASSED] - click(findTestObject("Object Repository/Page_CURA Healthcare Service/td_31")): Object: 'Object Repository/Page_CURA Healthcare Service/td_31' is clicked on

26-01-2024T13:35:47 - [MESSAGE][PASSED] - Object: 'Object Repository/Page_CURA Healthcare Service/td_31' is clicked on

26-01-2024T13:35:47 - [TEST_STEP][PASSED] - setText(findTestObject("Object Repository/Page_CURA Healthcare Service/textarea_comment"), "No comment"): Text 'No comment' is set on object 'Object Repository/Page_CURA Healthcare Service/textarea_comment'

26-01-2024T13:35:47 - [MESSAGE][PASSED] - Text 'No comment' is set on object 'Object Repository/Page_CURA Healthcare Service/textarea_comment'

26-01-2024T13:35:47 - [TEST_STEP][PASSED] - click(findTestObject("Object Repository/Page_CURA Healthcare Service/button_Book Appointment")): Object: 'Object Repository/Page_CURA Healthcare Service/button_Book Appointment' is clicked on

26-01-2024T13:35:47 - [MESSAGE][PASSED] - Object: 'Object Repository/Page_CURA Healthcare Service/button_Book Appointment' is clicked on

26-01-2024T13:35:47 - [TEST_STEP][PASSED] - navigateToUrl("https://katalon-demo-cura.herokuapp.com/appointment.php#summary"): Navigate to 'https://katalon-demo-cura.herokuapp.com/appointment.php#summary' successfully

26-01-2024T13:35:48 - [MESSAGE][PASSED] - Navigate to 'https://katalon-demo-cura.herokuapp.com/appointment.php#summary' successfully

26-01-2024T13:35:48 - [TEST_STEP][PASSED] - verifyElementText(findTestObject("Object Repository/Page_CURA Healthcare Service/h2_Appointment Confirmation"), "Appointment Confirmation"): Actual text and expected text of test object 'Object Repository/Page_CURA Healthcare Service/h2_Appointment Confirmation' are matched.

26-01-2024T13:35:48 - [MESSAGE][PASSED] - Actual text and expected text of test object 'Object Repository/Page_CURA Healthcare Service/h2_Appointment Confirmation' are matched.

26-01-2024T13:35:48 - [MESSAGE][PASSED] - Call Test Case 'Test Cases/Web Testing/Reused Test Cases/Book Appointment' successfully

26-01-2024T13:35:48 - [TEST_STEP][PASSED] - click(findTestObject("Object Repository/Page_CURA Healthcare Service/a_Go to Homepage")): Object: 'Object Repository/Page_CURA Healthcare Service/a_Go to Homepage' is clicked on

26-01-2024T13:35:48 - [MESSAGE][PASSED] - Object: 'Object Repository/Page_CURA Healthcare Service/a_Go to Homepage' is clicked on

26-01-2024T13:35:48 - [TEST_STEP][PASSED] - navigateToUrl("https://katalon-demo-cura.herokuapp.com/"): Navigate to 'https://katalon-demo-cura.herokuapp.com/' successfully

26-01-2024T13:35:48 - [MESSAGE][PASSED] - Navigate to 'https://katalon-demo-cura.herokuapp.com/' successfully

26-01-2024T13:35:48 - [TEST_STEP][PASSED] - click(findTestObject("Object Repository/Page_CURA Healthcare Service/i_fa fa-bars")): Object: 'Object Repository/Page_CURA Healthcare Service/i_fa fa-bars' is clicked on

26-01-2024T13:35:48 - [MESSAGE][PASSED] - Object: 'Object Repository/Page_CURA Healthcare Service/i_fa fa-bars' is clicked on

26-01-2024T13:35:48 - [TEST_STEP][FAILED] - click(findTestObject("Object Repository/Page_CURA Healthcare Service/a_Logout")): Unable to click on object 'Object Repository/Page_CURA Healthcare Service/a_Logout' (Root cause: com.kms.katalon.core.exception.StepFailedException: Unable to click on object 'Object Repository/Page_CURA Healthcare Service/a_Logout'
	at com.kms.katalon.core.webui.keyword.internal.WebUIKeywordMain.stepFailed(WebUIKeywordMain.groovy:64)
	at com.kms.katalon.core.webui.keyword.internal.WebUIKeywordMain.runKeyword(WebUIKeywordMain.groovy:26)
	at com.kms.katalon.core.webui.keyword.builtin.ClickKeyword.click(ClickKeyword.groovy:74)
	at com.kms.katalon.core.webui.keyword.builtin.ClickKeyword.execute(ClickKeyword.groovy:40)
	at com.kms.katalon.core.keyword.internal.KeywordExecutor.executeKeywordForPlatform(KeywordExecutor.groovy:74)
	at com.kms.katalon.core.webui.keyword.WebUiBuiltInKeywords.click(WebUiBuiltInKeywords.groovy:659)
	at Logout.run(Logout:28)
	at com.kms.katalon.core.main.ScriptEngine.run(ScriptEngine.java:194)
	at com.kms.katalon.core.main.ScriptEngine.runScriptAsRawText(ScriptEngine.java:119)
	at com.kms.katalon.core.main.TestCaseExecutor.runScript(TestCaseExecutor.java:448)
	at com.kms.katalon.core.main.TestCaseExecutor.doExecute(TestCaseExecutor.java:439)
	at com.kms.katalon.core.main.TestCaseExecutor.processExecutionPhase(TestCaseExecutor.java:418)
	at com.kms.katalon.core.main.TestCaseExecutor.accessMainPhase(TestCaseExecutor.java:410)
	at com.kms.katalon.core.main.TestCaseExecutor.execute(TestCaseExecutor.java:285)
	at com.kms.katalon.core.main.TestCaseExecutor.execute(TestCaseExecutor.java:369)
	at com.kms.katalon.core.main.TestCaseExecutor.execute(TestCaseExecutor.java:369)
	at com.kms.katalon.core.main.TestCaseExecutor.execute(TestCaseExecutor.java:369)
	at com.kms.katalon.core.common.CommonExecutor.accessTestCaseMainPhase(CommonExecutor.java:65)
	at com.kms.katalon.core.main.TestSuiteExecutor.accessTestSuiteMainPhase(TestSuiteExecutor.java:148)
	at com.kms.katalon.core.main.TestSuiteExecutor.execute(TestSuiteExecutor.java:106)
	at com.kms.katalon.core.main.TestCaseMain.startTestSuite(TestCaseMain.java:180)
	at TempTestSuite1706247207825.run(TempTestSuite1706247207825.groovy:36)
	at java.base/jdk.internal.reflect.NativeMethodAccessorImpl.invoke0(Native Method)
	at java.base/jdk.internal.reflect.NativeMethodAccessorImpl.invoke(NativeMethodAccessorImpl.java:77)
	at java.base/jdk.internal.reflect.DelegatingMethodAccessorImpl.invoke(DelegatingMethodAccessorImpl.java:43)
Caused by: com.kms.katalon.core.webui.exception.WebElementNotFoundException: Web element with id: 'Object Repository/Page_CURA Healthcare Service/a_Logout' located by 'a.btn.btn-default' not found
	at com.kms.katalon.core.webui.common.WebUiCommonHelper.findWebElement(WebUiCommonHelper.java:1379)
	at com.kms.katalon.core.webui.keyword.internal.WebUIAbstractKeyword.findWebElement(WebUIAbstractKeyword.groovy:27)
	at com.kms.katalon.core.webui.keyword.builtin.ClickKeyword$_click_closure1.doCall(ClickKeyword.groovy:65)
	at com.kms.katalon.core.webui.keyword.builtin.ClickKeyword$_click_closure1.call(ClickKeyword.groovy)
	at com.kms.katalon.core.webui.keyword.internal.WebUIKeywordMain.runKeyword(WebUIKeywordMain.groovy:20)
	at com.kms.katalon.core.webui.keyword.builtin.ClickKeyword.click(ClickKeyword.groovy:74)
	at com.kms.katalon.core.webui.keyword.builtin.ClickKeyword.execute(ClickKeyword.groovy:40)
	at com.kms.katalon.core.keyword.internal.KeywordExecutor.executeKeywordForPlatform(KeywordExecutor.groovy:74)
	at com.kms.katalon.core.webui.keyword.WebUiBuiltInKeywords.click(WebUiBuiltInKeywords.groovy:659)
	at Script1705995683036.run(Script1705995683036.groovy:28)
	... 18 more
)

26-01-2024T13:36:19 - [MESSAGE][INFO] - Unable to find the element located by 'By.cssSelector: a.btn.btn-default'. Please recheck the objects properties to make sure the desired element is located. 

26-01-2024T13:36:19 - [MESSAGE][WARNING] - [SELF-HEALING] Failed to find element with id 'Object Repository/Page_CURA Healthcare Service/a_Logout'. Try using Self-healing.

26-01-2024T13:36:20 - [MESSAGE][INFO] - Unable to find the element located by 'By.xpath: //section[@id='profile']/div/div/div/p[2]/a'. Please recheck the objects properties to make sure the desired element is located. 

26-01-2024T13:36:20 - [MESSAGE][INFO] - [SELF-HEALING] Failed Locator: '//section[@id='profile']/div/div/div/p[2]/a'.

26-01-2024T13:36:20 - [MESSAGE][INFO] - [SELF-HEALING] Failed Locator: '(//a[contains(text(),'Logout')])[2]'.

26-01-2024T13:36:20 - [MESSAGE][INFO] - [SELF-HEALING] Failed Locator: '//a[contains(@href, 'https://katalon-demo-cura.herokuapp.com/authenticate.php?logout')]'.

26-01-2024T13:36:20 - [MESSAGE][INFO] - [SELF-HEALING] Failed Locator: '//p[2]/a'.

26-01-2024T13:36:20 - [MESSAGE][INFO] - [SELF-HEALING] Failed Locator: '//a[@href = 'https://katalon-demo-cura.herokuapp.com/authenticate.php?logout' and (text() = 'Logout' or . = 'Logout')]'.

26-01-2024T13:36:20 - [MESSAGE][INFO] - [SELF-HEALING] Failed Locator: '//section[@id='profile']/div/div/div/p[2]/a'.

26-01-2024T13:36:20 - [MESSAGE][INFO] - [SELF-HEALING] Failed Locator: '(//a[contains(text(),'Logout')])[2]'.

26-01-2024T13:36:21 - [MESSAGE][INFO] - [SELF-HEALING] Failed Locator: '//a[contains(@href, 'https://katalon-demo-cura.herokuapp.com/authenticate.php?logout')]'.

26-01-2024T13:36:21 - [MESSAGE][INFO] - [SELF-HEALING] Failed Locator: '//p[2]/a'.

26-01-2024T13:36:21 - [MESSAGE][INFO] - [SELF-HEALING] Failed Locator: '//a[@href = 'https://katalon-demo-cura.herokuapp.com/authenticate.php?logout' and (text() = 'Logout' or . = 'Logout')]'.

26-01-2024T13:36:21 - [MESSAGE][INFO] - [SELF-HEALING] Failed Locator: '//section[@id='profile']/div/div/div/p[2]/a'.

26-01-2024T13:36:21 - [MESSAGE][INFO] - [SELF-HEALING] Failed Locator: '(//a[contains(text(),'Logout')])[2]'.

26-01-2024T13:36:21 - [MESSAGE][INFO] - [SELF-HEALING] Failed Locator: '//a[contains(@href, 'https://katalon-demo-cura.herokuapp.com/authenticate.php?logout')]'.

26-01-2024T13:36:21 - [MESSAGE][INFO] - [SELF-HEALING] Failed Locator: '//p[2]/a'.

26-01-2024T13:36:21 - [MESSAGE][INFO] - [SELF-HEALING] Failed Locator: '//a[@href = 'https://katalon-demo-cura.herokuapp.com/authenticate.php?logout' and (text() = 'Logout' or . = 'Logout')]'.

26-01-2024T13:36:21 - [MESSAGE][INFO] - [SELF-HEALING] Failed Locator: '//section[@id='profile']/div/div/div/p[2]/a'.

26-01-2024T13:36:21 - [MESSAGE][INFO] - [SELF-HEALING] Failed Locator: '(//a[contains(text(),'Logout')])[2]'.

26-01-2024T13:36:21 - [MESSAGE][INFO] - [SELF-HEALING] Failed Locator: '//a[contains(@href, 'https://katalon-demo-cura.herokuapp.com/authenticate.php?logout')]'.

26-01-2024T13:36:21 - [MESSAGE][INFO] - [SELF-HEALING] Failed Locator: '//p[2]/a'.

26-01-2024T13:36:21 - [MESSAGE][INFO] - [SELF-HEALING] Failed Locator: '//a[@href = 'https://katalon-demo-cura.herokuapp.com/authenticate.php?logout' and (text() = 'Logout' or . = 'Logout')]'.

26-01-2024T13:36:21 - [MESSAGE][INFO] - [SELF-HEALING] Failed Locator: '//section[@id='profile']/div/div/div/p[2]/a'.

26-01-2024T13:36:21 - [MESSAGE][INFO] - [SELF-HEALING] Failed Locator: '(//a[contains(text(),'Logout')])[2]'.

26-01-2024T13:36:21 - [MESSAGE][INFO] - [SELF-HEALING] Failed Locator: '//a[contains(@href, 'https://katalon-demo-cura.herokuapp.com/authenticate.php?logout')]'.

26-01-2024T13:36:21 - [MESSAGE][INFO] - [SELF-HEALING] Failed Locator: '//p[2]/a'.

26-01-2024T13:36:21 - [MESSAGE][INFO] - [SELF-HEALING] Failed Locator: '//a[@href = 'https://katalon-demo-cura.herokuapp.com/authenticate.php?logout' and (text() = 'Logout' or . = 'Logout')]'.

26-01-2024T13:36:21 - [MESSAGE][INFO] - [SELF-HEALING] Failed Locator: '//section[@id='profile']/div/div/div/p[2]/a'.

26-01-2024T13:36:21 - [MESSAGE][INFO] - [SELF-HEALING] Failed Locator: '(//a[contains(text(),'Logout')])[2]'.

26-01-2024T13:36:21 - [MESSAGE][INFO] - [SELF-HEALING] Failed Locator: '//a[contains(@href, 'https://katalon-demo-cura.herokuapp.com/authenticate.php?logout')]'.

26-01-2024T13:36:21 - [MESSAGE][INFO] - [SELF-HEALING] Failed Locator: '//p[2]/a'.

26-01-2024T13:36:21 - [MESSAGE][INFO] - [SELF-HEALING] Failed Locator: '//a[@href = 'https://katalon-demo-cura.herokuapp.com/authenticate.php?logout' and (text() = 'Logout' or . = 'Logout')]'.

26-01-2024T13:36:21 - [MESSAGE][INFO] - [SELF-HEALING] Failed Locator: '//section[@id='profile']/div/div/div/p[2]/a'.

26-01-2024T13:36:21 - [MESSAGE][INFO] - [SELF-HEALING] Failed Locator: '(//a[contains(text(),'Logout')])[2]'.

26-01-2024T13:36:21 - [MESSAGE][INFO] - [SELF-HEALING] Failed Locator: '//a[contains(@href, 'https://katalon-demo-cura.herokuapp.com/authenticate.php?logout')]'.

26-01-2024T13:36:21 - [MESSAGE][INFO] - [SELF-HEALING] Failed Locator: '//p[2]/a'.

26-01-2024T13:36:21 - [MESSAGE][INFO] - [SELF-HEALING] Failed Locator: '//a[@href = 'https://katalon-demo-cura.herokuapp.com/authenticate.php?logout' and (text() = 'Logout' or . = 'Logout')]'.

26-01-2024T13:36:21 - [MESSAGE][INFO] - [SELF-HEALING] Failed Locator: '//section[@id='profile']/div/div/div/p[2]/a'.

26-01-2024T13:36:21 - [MESSAGE][INFO] - [SELF-HEALING] Failed Locator: '(//a[contains(text(),'Logout')])[2]'.

26-01-2024T13:36:21 - [MESSAGE][INFO] - [SELF-HEALING] Failed Locator: '//a[contains(@href, 'https://katalon-demo-cura.herokuapp.com/authenticate.php?logout')]'.

26-01-2024T13:36:21 - [MESSAGE][INFO] - [SELF-HEALING] Failed Locator: '//p[2]/a'.

26-01-2024T13:36:21 - [MESSAGE][INFO] - [SELF-HEALING] Failed Locator: '//a[@href = 'https://katalon-demo-cura.herokuapp.com/authenticate.php?logout' and (text() = 'Logout' or . = 'Logout')]'.

26-01-2024T13:36:21 - [MESSAGE][INFO] - [SELF-HEALING] Failed Locator: '//section[@id='profile']/div/div/div/p[2]/a'.

26-01-2024T13:36:21 - [MESSAGE][INFO] - [SELF-HEALING] Failed Locator: '(//a[contains(text(),'Logout')])[2]'.

26-01-2024T13:36:21 - [MESSAGE][INFO] - [SELF-HEALING] Failed Locator: '//a[contains(@href, 'https://katalon-demo-cura.herokuapp.com/authenticate.php?logout')]'.

26-01-2024T13:36:21 - [MESSAGE][INFO] - [SELF-HEALING] Failed Locator: '//p[2]/a'.

26-01-2024T13:36:21 - [MESSAGE][INFO] - [SELF-HEALING] Failed Locator: '//a[@href = 'https://katalon-demo-cura.herokuapp.com/authenticate.php?logout' and (text() = 'Logout' or . = 'Logout')]'.

26-01-2024T13:36:21 - [MESSAGE][INFO] - [SELF-HEALING] Failed Locator: '//section[@id='profile']/div/div/div/p[2]/a'.

26-01-2024T13:36:21 - [MESSAGE][INFO] - [SELF-HEALING] Failed Locator: '(//a[contains(text(),'Logout')])[2]'.

26-01-2024T13:36:21 - [MESSAGE][INFO] - [SELF-HEALING] Failed Locator: '//a[contains(@href, 'https://katalon-demo-cura.herokuapp.com/authenticate.php?logout')]'.

26-01-2024T13:36:21 - [MESSAGE][INFO] - [SELF-HEALING] Failed Locator: '//p[2]/a'.

26-01-2024T13:36:21 - [MESSAGE][INFO] - [SELF-HEALING] Failed Locator: '//a[@href = 'https://katalon-demo-cura.herokuapp.com/authenticate.php?logout' and (text() = 'Logout' or . = 'Logout')]'.

26-01-2024T13:36:21 - [MESSAGE][INFO] - [SELF-HEALING] Failed Locator: '//section[@id='profile']/div/div/div/p[2]/a'.

26-01-2024T13:36:21 - [MESSAGE][INFO] - [SELF-HEALING] Failed Locator: '(//a[contains(text(),'Logout')])[2]'.

26-01-2024T13:36:21 - [MESSAGE][INFO] - [SELF-HEALING] Failed Locator: '//a[contains(@href, 'https://katalon-demo-cura.herokuapp.com/authenticate.php?logout')]'.

26-01-2024T13:36:21 - [MESSAGE][INFO] - [SELF-HEALING] Failed Locator: '//p[2]/a'.

26-01-2024T13:36:21 - [MESSAGE][INFO] - [SELF-HEALING] Failed Locator: '//a[@href = 'https://katalon-demo-cura.herokuapp.com/authenticate.php?logout' and (text() = 'Logout' or . = 'Logout')]'.

26-01-2024T13:36:21 - [MESSAGE][INFO] - [SELF-HEALING] Failed Locator: '//section[@id='profile']/div/div/div/p[2]/a'.

26-01-2024T13:36:21 - [MESSAGE][INFO] - [SELF-HEALING] Failed Locator: '(//a[contains(text(),'Logout')])[2]'.

26-01-2024T13:36:21 - [MESSAGE][INFO] - [SELF-HEALING] Failed Locator: '//a[contains(@href, 'https://katalon-demo-cura.herokuapp.com/authenticate.php?logout')]'.

26-01-2024T13:36:21 - [MESSAGE][INFO] - [SELF-HEALING] Failed Locator: '//p[2]/a'.

26-01-2024T13:36:21 - [MESSAGE][INFO] - [SELF-HEALING] Failed Locator: '//a[@href = 'https://katalon-demo-cura.herokuapp.com/authenticate.php?logout' and (text() = 'Logout' or . = 'Logout')]'.

26-01-2024T13:36:21 - [MESSAGE][INFO] - [SELF-HEALING] Failed Locator: '//section[@id='profile']/div/div/div/p[2]/a'.

26-01-2024T13:36:21 - [MESSAGE][INFO] - [SELF-HEALING] Failed Locator: '(//a[contains(text(),'Logout')])[2]'.

26-01-2024T13:36:21 - [MESSAGE][INFO] - [SELF-HEALING] Failed Locator: '//a[contains(@href, 'https://katalon-demo-cura.herokuapp.com/authenticate.php?logout')]'.

26-01-2024T13:36:21 - [MESSAGE][INFO] - [SELF-HEALING] Failed Locator: '//p[2]/a'.

26-01-2024T13:36:21 - [MESSAGE][INFO] - [SELF-HEALING] Failed Locator: '//a[@href = 'https://katalon-demo-cura.herokuapp.com/authenticate.php?logout' and (text() = 'Logout' or . = 'Logout')]'.

26-01-2024T13:36:21 - [MESSAGE][INFO] - [SELF-HEALING] Failed Locator: '//section[@id='profile']/div/div/div/p[2]/a'.

26-01-2024T13:36:21 - [MESSAGE][INFO] - [SELF-HEALING] Failed Locator: '(//a[contains(text(),'Logout')])[2]'.

26-01-2024T13:36:21 - [MESSAGE][INFO] - [SELF-HEALING] Failed Locator: '//a[contains(@href, 'https://katalon-demo-cura.herokuapp.com/authenticate.php?logout')]'.

26-01-2024T13:36:21 - [MESSAGE][INFO] - [SELF-HEALING] Failed Locator: '//p[2]/a'.

26-01-2024T13:36:21 - [MESSAGE][INFO] - [SELF-HEALING] Failed Locator: '//a[@href = 'https://katalon-demo-cura.herokuapp.com/authenticate.php?logout' and (text() = 'Logout' or . = 'Logout')]'.

26-01-2024T13:36:21 - [MESSAGE][INFO] - [SELF-HEALING] Failed Locator: '//section[@id='profile']/div/div/div/p[2]/a'.

26-01-2024T13:36:21 - [MESSAGE][INFO] - [SELF-HEALING] Failed Locator: '(//a[contains(text(),'Logout')])[2]'.

26-01-2024T13:36:21 - [MESSAGE][INFO] - [SELF-HEALING] Failed Locator: '//a[contains(@href, 'https://katalon-demo-cura.herokuapp.com/authenticate.php?logout')]'.

26-01-2024T13:36:21 - [MESSAGE][INFO] - [SELF-HEALING] Failed Locator: '//p[2]/a'.

26-01-2024T13:36:21 - [MESSAGE][INFO] - [SELF-HEALING] Failed Locator: '//a[@href = 'https://katalon-demo-cura.herokuapp.com/authenticate.php?logout' and (text() = 'Logout' or . = 'Logout')]'.

26-01-2024T13:36:21 - [MESSAGE][INFO] - [SELF-HEALING] Failed Locator: '//section[@id='profile']/div/div/div/p[2]/a'.

26-01-2024T13:36:21 - [MESSAGE][INFO] - [SELF-HEALING] Failed Locator: '(//a[contains(text(),'Logout')])[2]'.

26-01-2024T13:36:21 - [MESSAGE][INFO] - [SELF-HEALING] Failed Locator: '//a[contains(@href, 'https://katalon-demo-cura.herokuapp.com/authenticate.php?logout')]'.

26-01-2024T13:36:21 - [MESSAGE][INFO] - [SELF-HEALING] Failed Locator: '//p[2]/a'.

26-01-2024T13:36:21 - [MESSAGE][INFO] - [SELF-HEALING] Failed Locator: '//a[@href = 'https://katalon-demo-cura.herokuapp.com/authenticate.php?logout' and (text() = 'Logout' or . = 'Logout')]'.

26-01-2024T13:36:21 - [MESSAGE][INFO] - [SELF-HEALING] Failed Locator: '//section[@id='profile']/div/div/div/p[2]/a'.

26-01-2024T13:36:21 - [MESSAGE][INFO] - [SELF-HEALING] Failed Locator: '(//a[contains(text(),'Logout')])[2]'.

26-01-2024T13:36:21 - [MESSAGE][INFO] - [SELF-HEALING] Failed Locator: '//a[contains(@href, 'https://katalon-demo-cura.herokuapp.com/authenticate.php?logout')]'.

26-01-2024T13:36:21 - [MESSAGE][INFO] - [SELF-HEALING] Failed Locator: '//p[2]/a'.

26-01-2024T13:36:21 - [MESSAGE][INFO] - [SELF-HEALING] Failed Locator: '//a[@href = 'https://katalon-demo-cura.herokuapp.com/authenticate.php?logout' and (text() = 'Logout' or . = 'Logout')]'.

26-01-2024T13:36:21 - [MESSAGE][INFO] - [SELF-HEALING] Failed Locator: '//section[@id='profile']/div/div/div/p[2]/a'.

26-01-2024T13:36:21 - [MESSAGE][INFO] - [SELF-HEALING] Failed Locator: '(//a[contains(text(),'Logout')])[2]'.

26-01-2024T13:36:21 - [MESSAGE][INFO] - [SELF-HEALING] Failed Locator: '//a[contains(@href, 'https://katalon-demo-cura.herokuapp.com/authenticate.php?logout')]'.

26-01-2024T13:36:21 - [MESSAGE][INFO] - [SELF-HEALING] Failed Locator: '//p[2]/a'.

26-01-2024T13:36:21 - [MESSAGE][INFO] - [SELF-HEALING] Failed Locator: '//a[@href = 'https://katalon-demo-cura.herokuapp.com/authenticate.php?logout' and (text() = 'Logout' or . = 'Logout')]'.

26-01-2024T13:36:21 - [MESSAGE][INFO] - [SELF-HEALING] Failed Locator: '//section[@id='profile']/div/div/div/p[2]/a'.

26-01-2024T13:36:21 - [MESSAGE][INFO] - [SELF-HEALING] Failed Locator: '(//a[contains(text(),'Logout')])[2]'.

26-01-2024T13:36:21 - [MESSAGE][INFO] - [SELF-HEALING] Failed Locator: '//a[contains(@href, 'https://katalon-demo-cura.herokuapp.com/authenticate.php?logout')]'.

26-01-2024T13:36:21 - [MESSAGE][INFO] - [SELF-HEALING] Failed Locator: '//p[2]/a'.

26-01-2024T13:36:21 - [MESSAGE][INFO] - [SELF-HEALING] Failed Locator: '//a[@href = 'https://katalon-demo-cura.herokuapp.com/authenticate.php?logout' and (text() = 'Logout' or . = 'Logout')]'.

26-01-2024T13:36:21 - [MESSAGE][INFO] - [SELF-HEALING] Failed Locator: '//section[@id='profile']/div/div/div/p[2]/a'.

26-01-2024T13:36:21 - [MESSAGE][INFO] - [SELF-HEALING] Failed Locator: '(//a[contains(text(),'Logout')])[2]'.

26-01-2024T13:36:21 - [MESSAGE][INFO] - [SELF-HEALING] Failed Locator: '//a[contains(@href, 'https://katalon-demo-cura.herokuapp.com/authenticate.php?logout')]'.

26-01-2024T13:36:21 - [MESSAGE][INFO] - [SELF-HEALING] Failed Locator: '//p[2]/a'.

26-01-2024T13:36:21 - [MESSAGE][INFO] - [SELF-HEALING] Failed Locator: '//a[@href = 'https://katalon-demo-cura.herokuapp.com/authenticate.php?logout' and (text() = 'Logout' or . = 'Logout')]'.

26-01-2024T13:36:21 - [MESSAGE][INFO] - [SELF-HEALING] Failed Locator: '//section[@id='profile']/div/div/div/p[2]/a'.

26-01-2024T13:36:21 - [MESSAGE][INFO] - [SELF-HEALING] Failed Locator: '(//a[contains(text(),'Logout')])[2]'.

26-01-2024T13:36:21 - [MESSAGE][INFO] - [SELF-HEALING] Failed Locator: '//a[contains(@href, 'https://katalon-demo-cura.herokuapp.com/authenticate.php?logout')]'.

26-01-2024T13:36:21 - [MESSAGE][INFO] - [SELF-HEALING] Failed Locator: '//p[2]/a'.

26-01-2024T13:36:21 - [MESSAGE][INFO] - [SELF-HEALING] Failed Locator: '//a[@href = 'https://katalon-demo-cura.herokuapp.com/authenticate.php?logout' and (text() = 'Logout' or . = 'Logout')]'.

26-01-2024T13:36:21 - [MESSAGE][INFO] - [SELF-HEALING] Failed Locator: '//section[@id='profile']/div/div/div/p[2]/a'.

26-01-2024T13:36:21 - [MESSAGE][INFO] - [SELF-HEALING] Failed Locator: '(//a[contains(text(),'Logout')])[2]'.

26-01-2024T13:36:21 - [MESSAGE][INFO] - [SELF-HEALING] Failed Locator: '//a[contains(@href, 'https://katalon-demo-cura.herokuapp.com/authenticate.php?logout')]'.

26-01-2024T13:36:21 - [MESSAGE][INFO] - [SELF-HEALING] Failed Locator: '//p[2]/a'.

26-01-2024T13:36:21 - [MESSAGE][INFO] - [SELF-HEALING] Failed Locator: '//a[@href = 'https://katalon-demo-cura.herokuapp.com/authenticate.php?logout' and (text() = 'Logout' or . = 'Logout')]'.

26-01-2024T13:36:21 - [MESSAGE][INFO] - [SELF-HEALING] Failed Locator: '//section[@id='profile']/div/div/div/p[2]/a'.

26-01-2024T13:36:21 - [MESSAGE][INFO] - [SELF-HEALING] Failed Locator: '(//a[contains(text(),'Logout')])[2]'.

26-01-2024T13:36:21 - [MESSAGE][INFO] - [SELF-HEALING] Failed Locator: '//a[contains(@href, 'https://katalon-demo-cura.herokuapp.com/authenticate.php?logout')]'.

26-01-2024T13:36:21 - [MESSAGE][INFO] - [SELF-HEALING] Failed Locator: '//p[2]/a'.

26-01-2024T13:36:21 - [MESSAGE][INFO] - [SELF-HEALING] Failed Locator: '//a[@href = 'https://katalon-demo-cura.herokuapp.com/authenticate.php?logout' and (text() = 'Logout' or . = 'Logout')]'.

26-01-2024T13:36:21 - [MESSAGE][INFO] - [SELF-HEALING] Failed Locator: '//section[@id='profile']/div/div/div/p[2]/a'.

26-01-2024T13:36:21 - [MESSAGE][INFO] - [SELF-HEALING] Failed Locator: '(//a[contains(text(),'Logout')])[2]'.

26-01-2024T13:36:21 - [MESSAGE][INFO] - [SELF-HEALING] Failed Locator: '//a[contains(@href, 'https://katalon-demo-cura.herokuapp.com/authenticate.php?logout')]'.

26-01-2024T13:36:21 - [MESSAGE][INFO] - [SELF-HEALING] Failed Locator: '//p[2]/a'.

26-01-2024T13:36:21 - [MESSAGE][INFO] - [SELF-HEALING] Failed Locator: '//a[@href = 'https://katalon-demo-cura.herokuapp.com/authenticate.php?logout' and (text() = 'Logout' or . = 'Logout')]'.

26-01-2024T13:36:21 - [MESSAGE][INFO] - [SELF-HEALING] Failed Locator: '//section[@id='profile']/div/div/div/p[2]/a'.

26-01-2024T13:36:21 - [MESSAGE][INFO] - [SELF-HEALING] Failed Locator: '(//a[contains(text(),'Logout')])[2]'.

26-01-2024T13:36:21 - [MESSAGE][INFO] - [SELF-HEALING] Failed Locator: '//a[contains(@href, 'https://katalon-demo-cura.herokuapp.com/authenticate.php?logout')]'.

26-01-2024T13:36:21 - [MESSAGE][INFO] - [SELF-HEALING] Failed Locator: '//p[2]/a'.

26-01-2024T13:36:21 - [MESSAGE][INFO] - [SELF-HEALING] Failed Locator: '//a[@href = 'https://katalon-demo-cura.herokuapp.com/authenticate.php?logout' and (text() = 'Logout' or . = 'Logout')]'.

26-01-2024T13:36:21 - [MESSAGE][INFO] - [SELF-HEALING] Failed Locator: '//section[@id='profile']/div/div/div/p[2]/a'.

26-01-2024T13:36:21 - [MESSAGE][INFO] - [SELF-HEALING] Failed Locator: '(//a[contains(text(),'Logout')])[2]'.

26-01-2024T13:36:21 - [MESSAGE][INFO] - [SELF-HEALING] Failed Locator: '//a[contains(@href, 'https://katalon-demo-cura.herokuapp.com/authenticate.php?logout')]'.

26-01-2024T13:36:21 - [MESSAGE][INFO] - [SELF-HEALING] Failed Locator: '//p[2]/a'.

26-01-2024T13:36:21 - [MESSAGE][INFO] - [SELF-HEALING] Failed Locator: '//a[@href = 'https://katalon-demo-cura.herokuapp.com/authenticate.php?logout' and (text() = 'Logout' or . = 'Logout')]'.

26-01-2024T13:36:22 - [MESSAGE][INFO] - Unable to find the element located by 'By.xpath: //*[@href = 'https://katalon-demo-cura.herokuapp.com/authenticate.php?logout' and (text() = 'Logout' or . = 'Logout')]'. Please recheck the objects properties to make sure the desired element is located. 

26-01-2024T13:36:23 - [MESSAGE][FAILED] - Unable to click on object 'Object Repository/Page_CURA Healthcare Service/a_Logout' (Root cause: com.kms.katalon.core.exception.StepFailedException: Unable to click on object 'Object Repository/Page_CURA Healthcare Service/a_Logout'
	at com.kms.katalon.core.webui.keyword.internal.WebUIKeywordMain.stepFailed(WebUIKeywordMain.groovy:64)
	at com.kms.katalon.core.webui.keyword.internal.WebUIKeywordMain.runKeyword(WebUIKeywordMain.groovy:26)
	at com.kms.katalon.core.webui.keyword.builtin.ClickKeyword.click(ClickKeyword.groovy:74)
	at com.kms.katalon.core.webui.keyword.builtin.ClickKeyword.execute(ClickKeyword.groovy:40)
	at com.kms.katalon.core.keyword.internal.KeywordExecutor.executeKeywordForPlatform(KeywordExecutor.groovy:74)
	at com.kms.katalon.core.webui.keyword.WebUiBuiltInKeywords.click(WebUiBuiltInKeywords.groovy:659)
	at Logout.run(Logout:28)
	at com.kms.katalon.core.main.ScriptEngine.run(ScriptEngine.java:194)
	at com.kms.katalon.core.main.ScriptEngine.runScriptAsRawText(ScriptEngine.java:119)
	at com.kms.katalon.core.main.TestCaseExecutor.runScript(TestCaseExecutor.java:448)
	at com.kms.katalon.core.main.TestCaseExecutor.doExecute(TestCaseExecutor.java:439)
	at com.kms.katalon.core.main.TestCaseExecutor.processExecutionPhase(TestCaseExecutor.java:418)
	at com.kms.katalon.core.main.TestCaseExecutor.accessMainPhase(TestCaseExecutor.java:410)
	at com.kms.katalon.core.main.TestCaseExecutor.execute(TestCaseExecutor.java:285)
	at com.kms.katalon.core.main.TestCaseExecutor.execute(TestCaseExecutor.java:369)
	at com.kms.katalon.core.main.TestCaseExecutor.execute(TestCaseExecutor.java:369)
	at com.kms.katalon.core.main.TestCaseExecutor.execute(TestCaseExecutor.java:369)
	at com.kms.katalon.core.common.CommonExecutor.accessTestCaseMainPhase(CommonExecutor.java:65)
	at com.kms.katalon.core.main.TestSuiteExecutor.accessTestSuiteMainPhase(TestSuiteExecutor.java:148)
	at com.kms.katalon.core.main.TestSuiteExecutor.execute(TestSuiteExecutor.java:106)
	at com.kms.katalon.core.main.TestCaseMain.startTestSuite(TestCaseMain.java:180)
	at TempTestSuite1706247207825.run(TempTestSuite1706247207825.groovy:36)
	at java.base/jdk.internal.reflect.NativeMethodAccessorImpl.invoke0(Native Method)
	at java.base/jdk.internal.reflect.NativeMethodAccessorImpl.invoke(NativeMethodAccessorImpl.java:77)
	at java.base/jdk.internal.reflect.DelegatingMethodAccessorImpl.invoke(DelegatingMethodAccessorImpl.java:43)
Caused by: com.kms.katalon.core.webui.exception.WebElementNotFoundException: Web element with id: 'Object Repository/Page_CURA Healthcare Service/a_Logout' located by 'a.btn.btn-default' not found
	at com.kms.katalon.core.webui.common.WebUiCommonHelper.findWebElement(WebUiCommonHelper.java:1379)
	at com.kms.katalon.core.webui.keyword.internal.WebUIAbstractKeyword.findWebElement(WebUIAbstractKeyword.groovy:27)
	at com.kms.katalon.core.webui.keyword.builtin.ClickKeyword$_click_closure1.doCall(ClickKeyword.groovy:65)
	at com.kms.katalon.core.webui.keyword.builtin.ClickKeyword$_click_closure1.call(ClickKeyword.groovy)
	at com.kms.katalon.core.webui.keyword.internal.WebUIKeywordMain.runKeyword(WebUIKeywordMain.groovy:20)
	at com.kms.katalon.core.webui.keyword.builtin.ClickKeyword.click(ClickKeyword.groovy:74)
	at com.kms.katalon.core.webui.keyword.builtin.ClickKeyword.execute(ClickKeyword.groovy:40)
	at com.kms.katalon.core.keyword.internal.KeywordExecutor.executeKeywordForPlatform(KeywordExecutor.groovy:74)
	at com.kms.katalon.core.webui.keyword.WebUiBuiltInKeywords.click(WebUiBuiltInKeywords.groovy:659)
	at Script1705995683036.run(Script1705995683036.groovy:28)
	... 18 more
)
[[ATTACHMENT|/Users/nurulainasyuhada/git/KatalonPractice1/Reports/20240126_133326/Test Suite 2/20240126_133327/1706247382935.png]]]]></system-out>
         <system-err><![CDATA[26-01-2024T13:35:42 - [TEST_CASE][FAILED] - Test Cases/Web Testing/Logout: Test Cases/Web Testing/Logout FAILED.
Reason:
com.kms.katalon.core.exception.StepFailedException: Unable to click on object 'Object Repository/Page_CURA Healthcare Service/a_Logout'
	at com.kms.katalon.core.webui.keyword.internal.WebUIKeywordMain.stepFailed(WebUIKeywordMain.groovy:64)
	at com.kms.katalon.core.webui.keyword.internal.WebUIKeywordMain.runKeyword(WebUIKeywordMain.groovy:26)
	at com.kms.katalon.core.webui.keyword.builtin.ClickKeyword.click(ClickKeyword.groovy:74)
	at com.kms.katalon.core.webui.keyword.builtin.ClickKeyword.execute(ClickKeyword.groovy:40)
	at com.kms.katalon.core.keyword.internal.KeywordExecutor.executeKeywordForPlatform(KeywordExecutor.groovy:74)
	at com.kms.katalon.core.webui.keyword.WebUiBuiltInKeywords.click(WebUiBuiltInKeywords.groovy:659)
	at Logout.run(Logout:28)
	at com.kms.katalon.core.main.ScriptEngine.run(ScriptEngine.java:194)
	at com.kms.katalon.core.main.ScriptEngine.runScriptAsRawText(ScriptEngine.java:119)
	at com.kms.katalon.core.main.TestCaseExecutor.runScript(TestCaseExecutor.java:448)
	at com.kms.katalon.core.main.TestCaseExecutor.doExecute(TestCaseExecutor.java:439)
	at com.kms.katalon.core.main.TestCaseExecutor.processExecutionPhase(TestCaseExecutor.java:418)
	at com.kms.katalon.core.main.TestCaseExecutor.accessMainPhase(TestCaseExecutor.java:410)
	at com.kms.katalon.core.main.TestCaseExecutor.execute(TestCaseExecutor.java:285)
	at com.kms.katalon.core.main.TestCaseExecutor.execute(TestCaseExecutor.java:369)
	at com.kms.katalon.core.main.TestCaseExecutor.execute(TestCaseExecutor.java:369)
	at com.kms.katalon.core.main.TestCaseExecutor.execute(TestCaseExecutor.java:369)
	at com.kms.katalon.core.common.CommonExecutor.accessTestCaseMainPhase(CommonExecutor.java:65)
	at com.kms.katalon.core.main.TestSuiteExecutor.accessTestSuiteMainPhase(TestSuiteExecutor.java:148)
	at com.kms.katalon.core.main.TestSuiteExecutor.execute(TestSuiteExecutor.java:106)
	at com.kms.katalon.core.main.TestCaseMain.startTestSuite(TestCaseMain.java:180)
	at TempTestSuite1706247207825.run(TempTestSuite1706247207825.groovy:36)
	at java.base/jdk.internal.reflect.NativeMethodAccessorImpl.invoke0(Native Method)
	at java.base/jdk.internal.reflect.NativeMethodAccessorImpl.invoke(NativeMethodAccessorImpl.java:77)
	at java.base/jdk.internal.reflect.DelegatingMethodAccessorImpl.invoke(DelegatingMethodAccessorImpl.java:43)
Caused by: com.kms.katalon.core.webui.exception.WebElementNotFoundException: Web element with id: 'Object Repository/Page_CURA Healthcare Service/a_Logout' located by 'a.btn.btn-default' not found
	at com.kms.katalon.core.webui.common.WebUiCommonHelper.findWebElement(WebUiCommonHelper.java:1379)
	at com.kms.katalon.core.webui.keyword.internal.WebUIAbstractKeyword.findWebElement(WebUIAbstractKeyword.groovy:27)
	at com.kms.katalon.core.webui.keyword.builtin.ClickKeyword$_click_closure1.doCall(ClickKeyword.groovy:65)
	at com.kms.katalon.core.webui.keyword.builtin.ClickKeyword$_click_closure1.call(ClickKeyword.groovy)
	at com.kms.katalon.core.webui.keyword.internal.WebUIKeywordMain.runKeyword(WebUIKeywordMain.groovy:20)
	... 23 more]]></system-err>
      </testcase>
      <testcase name="Test Cases/Web Testing/Logout_history page" time="6.881" classname="Test Cases/Web Testing/Logout_history page" status="PASSED">
         <system-out><![CDATA[26-01-2024T13:36:23 - [TEST_CASE][PASSED] - Test Cases/Web Testing/Logout_history page: Test Cases/Web Testing/Logout_history page

26-01-2024T13:36:23 - [TEST_STEP][PASSED] - callTestCase(findTestCase("Web Testing/View history"), [:], STOP_ON_FAILURE): Call Test Case 'Test Cases/Web Testing/View history' successfully

26-01-2024T13:36:23 - [TEST_CASE][PASSED] - Test Cases/Web Testing/View history: Test Cases/Web Testing/View history

26-01-2024T13:36:23 - [TEST_STEP][PASSED] - callTestCase(findTestCase("Web Testing/Reused Test Cases/Book Appointment"), [:], STOP_ON_FAILURE): Call Test Case 'Test Cases/Web Testing/Reused Test Cases/Book Appointment' successfully

26-01-2024T13:36:23 - [TEST_CASE][PASSED] - Test Cases/Web Testing/Reused Test Cases/Book Appointment: Test Cases/Web Testing/Reused Test Cases/Book Appointment

26-01-2024T13:36:23 - [TEST_STEP][PASSED] - callTestCase(findTestCase("Web Testing/Reused Test Cases/Login"), [:], STOP_ON_FAILURE): Call Test Case 'Test Cases/Web Testing/Reused Test Cases/Login' successfully

26-01-2024T13:36:23 - [TEST_CASE][PASSED] - Test Cases/Web Testing/Reused Test Cases/Login: Test Cases/Web Testing/Reused Test Cases/Login

26-01-2024T13:36:23 - [TEST_STEP][PASSED] - openBrowser(""): Browser is opened with url: ''

26-01-2024T13:36:23 - [MESSAGE][WARNING] - A browser is already opened. Closing browser and opening a new one

26-01-2024T13:36:23 - [MESSAGE][INFO] - Starting 'Chrome (headless)' driver

26-01-2024T13:36:23 - [MESSAGE][INFO] - Action delay is set to 0 milliseconds

26-01-2024T13:36:24 - [MESSAGE][PASSED] - Browser is opened with url: ''

26-01-2024T13:36:24 - [TEST_STEP][PASSED] - navigateToUrl("https://katalon-demo-cura.herokuapp.com/"): Navigate to 'https://katalon-demo-cura.herokuapp.com/' successfully

26-01-2024T13:36:26 - [MESSAGE][PASSED] - Navigate to 'https://katalon-demo-cura.herokuapp.com/' successfully

26-01-2024T13:36:26 - [TEST_STEP][PASSED] - click(findTestObject("Object Repository/Page_CURA Healthcare Service/a_Make Appointment")): Object: 'Object Repository/Page_CURA Healthcare Service/a_Make Appointment' is clicked on

26-01-2024T13:36:27 - [MESSAGE][PASSED] - Object: 'Object Repository/Page_CURA Healthcare Service/a_Make Appointment' is clicked on

26-01-2024T13:36:27 - [TEST_STEP][PASSED] - setText(findTestObject("Object Repository/Page_CURA Healthcare Service/input_username"), Username): Text 'John Doe' is set on object 'Object Repository/Page_CURA Healthcare Service/input_username'

26-01-2024T13:36:27 - [MESSAGE][PASSED] - Text 'John Doe' is set on object 'Object Repository/Page_CURA Healthcare Service/input_username'

26-01-2024T13:36:27 - [TEST_STEP][PASSED] - setText(findTestObject("Object Repository/Page_CURA Healthcare Service/input_password"), Password): Text 'ThisIsNotAPassword' is set on object 'Object Repository/Page_CURA Healthcare Service/input_password'

26-01-2024T13:36:27 - [MESSAGE][PASSED] - Text 'ThisIsNotAPassword' is set on object 'Object Repository/Page_CURA Healthcare Service/input_password'

26-01-2024T13:36:27 - [TEST_STEP][PASSED] - click(findTestObject("Object Repository/Page_CURA Healthcare Service/button_Login")): Object: 'Object Repository/Page_CURA Healthcare Service/button_Login' is clicked on

26-01-2024T13:36:28 - [MESSAGE][PASSED] - Object: 'Object Repository/Page_CURA Healthcare Service/button_Login' is clicked on

26-01-2024T13:36:28 - [MESSAGE][PASSED] - Call Test Case 'Test Cases/Web Testing/Reused Test Cases/Login' successfully

26-01-2024T13:36:28 - [TEST_STEP][PASSED] - selectOptionByValue(findTestObject("Object Repository/Page_CURA Healthcare Service/select_Tokyo CURA Healthcare Center        _5b4107"), "Seoul CURA Healthcare Center", true): All options with value 'Seoul CURA Healthcare Center' are selected in object 'Object Repository/Page_CURA Healthcare Service/select_Tokyo CURA Healthcare Center        _5b4107'  using regular expression

26-01-2024T13:36:28 - [MESSAGE][PASSED] - All options with value 'Seoul CURA Healthcare Center' are selected in object 'Object Repository/Page_CURA Healthcare Service/select_Tokyo CURA Healthcare Center        _5b4107'  using regular expression

26-01-2024T13:36:28 - [TEST_STEP][PASSED] - click(findTestObject("Object Repository/Page_CURA Healthcare Service/input_programs")): Object: 'Object Repository/Page_CURA Healthcare Service/input_programs' is clicked on

26-01-2024T13:36:28 - [MESSAGE][PASSED] - Object: 'Object Repository/Page_CURA Healthcare Service/input_programs' is clicked on

26-01-2024T13:36:28 - [TEST_STEP][PASSED] - click(findTestObject("Object Repository/Page_CURA Healthcare Service/input_visit_date")): Object: 'Object Repository/Page_CURA Healthcare Service/input_visit_date' is clicked on

26-01-2024T13:36:28 - [MESSAGE][PASSED] - Object: 'Object Repository/Page_CURA Healthcare Service/input_visit_date' is clicked on

26-01-2024T13:36:28 - [TEST_STEP][PASSED] - click(findTestObject("Object Repository/Page_CURA Healthcare Service/td_31")): Object: 'Object Repository/Page_CURA Healthcare Service/td_31' is clicked on

26-01-2024T13:36:28 - [MESSAGE][PASSED] - Object: 'Object Repository/Page_CURA Healthcare Service/td_31' is clicked on

26-01-2024T13:36:28 - [TEST_STEP][PASSED] - setText(findTestObject("Object Repository/Page_CURA Healthcare Service/textarea_comment"), "No comment"): Text 'No comment' is set on object 'Object Repository/Page_CURA Healthcare Service/textarea_comment'

26-01-2024T13:36:28 - [MESSAGE][PASSED] - Text 'No comment' is set on object 'Object Repository/Page_CURA Healthcare Service/textarea_comment'

26-01-2024T13:36:28 - [TEST_STEP][PASSED] - click(findTestObject("Object Repository/Page_CURA Healthcare Service/button_Book Appointment")): Object: 'Object Repository/Page_CURA Healthcare Service/button_Book Appointment' is clicked on

26-01-2024T13:36:28 - [MESSAGE][PASSED] - Object: 'Object Repository/Page_CURA Healthcare Service/button_Book Appointment' is clicked on

26-01-2024T13:36:28 - [TEST_STEP][PASSED] - navigateToUrl("https://katalon-demo-cura.herokuapp.com/appointment.php#summary"): Navigate to 'https://katalon-demo-cura.herokuapp.com/appointment.php#summary' successfully

26-01-2024T13:36:28 - [MESSAGE][PASSED] - Navigate to 'https://katalon-demo-cura.herokuapp.com/appointment.php#summary' successfully

26-01-2024T13:36:28 - [TEST_STEP][PASSED] - verifyElementText(findTestObject("Object Repository/Page_CURA Healthcare Service/h2_Appointment Confirmation"), "Appointment Confirmation"): Actual text and expected text of test object 'Object Repository/Page_CURA Healthcare Service/h2_Appointment Confirmation' are matched.

26-01-2024T13:36:29 - [MESSAGE][PASSED] - Actual text and expected text of test object 'Object Repository/Page_CURA Healthcare Service/h2_Appointment Confirmation' are matched.

26-01-2024T13:36:29 - [MESSAGE][PASSED] - Call Test Case 'Test Cases/Web Testing/Reused Test Cases/Book Appointment' successfully

26-01-2024T13:36:29 - [TEST_STEP][PASSED] - click(findTestObject("Object Repository/Page_CURA Healthcare Service/i_fa fa-bars")): Object: 'Object Repository/Page_CURA Healthcare Service/i_fa fa-bars' is clicked on

26-01-2024T13:36:29 - [MESSAGE][PASSED] - Object: 'Object Repository/Page_CURA Healthcare Service/i_fa fa-bars' is clicked on

26-01-2024T13:36:29 - [TEST_STEP][PASSED] - click(findTestObject("Object Repository/Page_CURA Healthcare Service/a_History")): Object: 'Object Repository/Page_CURA Healthcare Service/a_History' is clicked on

26-01-2024T13:36:29 - [MESSAGE][PASSED] - Object: 'Object Repository/Page_CURA Healthcare Service/a_History' is clicked on

26-01-2024T13:36:29 - [TEST_STEP][PASSED] - navigateToUrl("https://katalon-demo-cura.herokuapp.com/history.php#history"): Navigate to 'https://katalon-demo-cura.herokuapp.com/history.php#history' successfully

26-01-2024T13:36:29 - [MESSAGE][PASSED] - Navigate to 'https://katalon-demo-cura.herokuapp.com/history.php#history' successfully

26-01-2024T13:36:29 - [TEST_STEP][PASSED] - currentwindow = getUrl(): Current window's url is: 'https://katalon-demo-cura.herokuapp.com/history.php#history'

26-01-2024T13:36:29 - [MESSAGE][PASSED] - Current window's url is: 'https://katalon-demo-cura.herokuapp.com/history.php#history'

26-01-2024T13:36:29 - [TEST_STEP][PASSED] - verifyMatch(currentwindow, "https://katalon-demo-cura.herokuapp.com/history.php#history", false): Actual text 'https://katalon-demo-cura.herokuapp.com/history.php#history' and expected text 'https://katalon-demo-cura.herokuapp.com/history.php#history' are matched 

26-01-2024T13:36:29 - [MESSAGE][PASSED] - Actual text 'https://katalon-demo-cura.herokuapp.com/history.php#history' and expected text 'https://katalon-demo-cura.herokuapp.com/history.php#history' are matched 

26-01-2024T13:36:29 - [TEST_STEP][PASSED] - verifyElementText(findTestObject("Object Repository/Page_CURA Healthcare Service/h2_History"), "History"): Actual text and expected text of test object 'Object Repository/Page_CURA Healthcare Service/h2_History' are matched.

26-01-2024T13:36:29 - [MESSAGE][PASSED] - Actual text and expected text of test object 'Object Repository/Page_CURA Healthcare Service/h2_History' are matched.

26-01-2024T13:36:29 - [TEST_STEP][PASSED] - verifyElementText(findTestObject("Object Repository/Page_CURA Healthcare Service/p_Seoul CURA Healthcare Center"), "Seoul CURA Healthcare Center"): Actual text and expected text of test object 'Object Repository/Page_CURA Healthcare Service/p_Seoul CURA Healthcare Center' are matched.

26-01-2024T13:36:29 - [MESSAGE][PASSED] - Actual text and expected text of test object 'Object Repository/Page_CURA Healthcare Service/p_Seoul CURA Healthcare Center' are matched.

26-01-2024T13:36:29 - [TEST_STEP][PASSED] - verifyElementText(findTestObject("Object Repository/Page_CURA Healthcare Service/p_No"), "No"): Actual text and expected text of test object 'Object Repository/Page_CURA Healthcare Service/p_No' are matched.

26-01-2024T13:36:29 - [MESSAGE][PASSED] - Actual text and expected text of test object 'Object Repository/Page_CURA Healthcare Service/p_No' are matched.

26-01-2024T13:36:29 - [TEST_STEP][PASSED] - verifyElementText(findTestObject("Object Repository/Page_CURA Healthcare Service/p_Medicaid"), "Medicaid"): Actual text and expected text of test object 'Object Repository/Page_CURA Healthcare Service/p_Medicaid' are matched.

26-01-2024T13:36:29 - [MESSAGE][PASSED] - Actual text and expected text of test object 'Object Repository/Page_CURA Healthcare Service/p_Medicaid' are matched.

26-01-2024T13:36:29 - [TEST_STEP][PASSED] - verifyElementText(findTestObject("Object Repository/Page_CURA Healthcare Service/p_No comment"), "No comment"): Actual text and expected text of test object 'Object Repository/Page_CURA Healthcare Service/p_No comment' are matched.

26-01-2024T13:36:29 - [MESSAGE][PASSED] - Actual text and expected text of test object 'Object Repository/Page_CURA Healthcare Service/p_No comment' are matched.

26-01-2024T13:36:29 - [MESSAGE][PASSED] - Call Test Case 'Test Cases/Web Testing/View history' successfully

26-01-2024T13:36:29 - [TEST_STEP][PASSED] - click(findTestObject("Object Repository/Page_CURA Healthcare Service/i_fa fa-bars")): Object: 'Object Repository/Page_CURA Healthcare Service/i_fa fa-bars' is clicked on

26-01-2024T13:36:29 - [MESSAGE][PASSED] - Object: 'Object Repository/Page_CURA Healthcare Service/i_fa fa-bars' is clicked on

26-01-2024T13:36:29 - [TEST_STEP][PASSED] - click(findTestObject("Object Repository/Page_CURA Healthcare Service/a_Logout")): Object: 'Object Repository/Page_CURA Healthcare Service/a_Logout' is clicked on

26-01-2024T13:36:29 - [MESSAGE][PASSED] - Object: 'Object Repository/Page_CURA Healthcare Service/a_Logout' is clicked on

26-01-2024T13:36:29 - [TEST_STEP][PASSED] - navigateToUrl("https://katalon-demo-cura.herokuapp.com/"): Navigate to 'https://katalon-demo-cura.herokuapp.com/' successfully

26-01-2024T13:36:30 - [MESSAGE][PASSED] - Navigate to 'https://katalon-demo-cura.herokuapp.com/' successfully

26-01-2024T13:36:30 - [TEST_STEP][PASSED] - closeBrowser(): Browser is closed

26-01-2024T13:36:30 - [MESSAGE][PASSED] - Browser is closed]]></system-out>
         <system-err><![CDATA[]]></system-err>
      </testcase>
      <testcase name="Test Cases/Web Testing/Logout_profile page" time="9.735" classname="Test Cases/Web Testing/Logout_profile page" status="PASSED">
         <system-out><![CDATA[26-01-2024T13:36:30 - [TEST_CASE][PASSED] - Test Cases/Web Testing/Logout_profile page: Test Cases/Web Testing/Logout_profile page

26-01-2024T13:36:30 - [TEST_STEP][PASSED] - callTestCase(findTestCase("Web Testing/View profile"), [:], STOP_ON_FAILURE): Call Test Case 'Test Cases/Web Testing/View profile' successfully

26-01-2024T13:36:30 - [TEST_CASE][PASSED] - Test Cases/Web Testing/View profile: Test Cases/Web Testing/View profile

26-01-2024T13:36:30 - [TEST_STEP][PASSED] - callTestCase(findTestCase("Web Testing/Reused Test Cases/Login"), ["Username":"John Doe", "Password":"ThisIsNotAPassword"], STOP_ON_FAILURE): Call Test Case 'Test Cases/Web Testing/Reused Test Cases/Login' successfully

26-01-2024T13:36:30 - [TEST_CASE][PASSED] - Test Cases/Web Testing/Reused Test Cases/Login: Test Cases/Web Testing/Reused Test Cases/Login

26-01-2024T13:36:30 - [TEST_STEP][PASSED] - openBrowser(""): Browser is opened with url: ''

26-01-2024T13:36:30 - [MESSAGE][INFO] - Starting 'Chrome (headless)' driver

26-01-2024T13:36:30 - [MESSAGE][INFO] - Action delay is set to 0 milliseconds

26-01-2024T13:36:30 - [MESSAGE][PASSED] - Browser is opened with url: ''

26-01-2024T13:36:30 - [TEST_STEP][PASSED] - navigateToUrl("https://katalon-demo-cura.herokuapp.com/"): Navigate to 'https://katalon-demo-cura.herokuapp.com/' successfully

26-01-2024T13:36:35 - [MESSAGE][PASSED] - Navigate to 'https://katalon-demo-cura.herokuapp.com/' successfully

26-01-2024T13:36:35 - [TEST_STEP][PASSED] - click(findTestObject("Object Repository/Page_CURA Healthcare Service/a_Make Appointment")): Object: 'Object Repository/Page_CURA Healthcare Service/a_Make Appointment' is clicked on

26-01-2024T13:36:36 - [MESSAGE][PASSED] - Object: 'Object Repository/Page_CURA Healthcare Service/a_Make Appointment' is clicked on

26-01-2024T13:36:36 - [TEST_STEP][PASSED] - setText(findTestObject("Object Repository/Page_CURA Healthcare Service/input_username"), Username): Text 'John Doe' is set on object 'Object Repository/Page_CURA Healthcare Service/input_username'

26-01-2024T13:36:36 - [MESSAGE][PASSED] - Text 'John Doe' is set on object 'Object Repository/Page_CURA Healthcare Service/input_username'

26-01-2024T13:36:36 - [TEST_STEP][PASSED] - setText(findTestObject("Object Repository/Page_CURA Healthcare Service/input_password"), Password): Text 'ThisIsNotAPassword' is set on object 'Object Repository/Page_CURA Healthcare Service/input_password'

26-01-2024T13:36:36 - [MESSAGE][PASSED] - Text 'ThisIsNotAPassword' is set on object 'Object Repository/Page_CURA Healthcare Service/input_password'

26-01-2024T13:36:36 - [TEST_STEP][PASSED] - click(findTestObject("Object Repository/Page_CURA Healthcare Service/button_Login")): Object: 'Object Repository/Page_CURA Healthcare Service/button_Login' is clicked on

26-01-2024T13:36:37 - [MESSAGE][PASSED] - Object: 'Object Repository/Page_CURA Healthcare Service/button_Login' is clicked on

26-01-2024T13:36:37 - [MESSAGE][PASSED] - Call Test Case 'Test Cases/Web Testing/Reused Test Cases/Login' successfully

26-01-2024T13:36:37 - [TEST_STEP][PASSED] - click(findTestObject("Object Repository/Page_CURA Healthcare Service/amenu-toggle")): Object: 'Object Repository/Page_CURA Healthcare Service/amenu-toggle' is clicked on

26-01-2024T13:36:38 - [MESSAGE][PASSED] - Object: 'Object Repository/Page_CURA Healthcare Service/amenu-toggle' is clicked on

26-01-2024T13:36:38 - [TEST_STEP][PASSED] - click(findTestObject("Object Repository/Page_CURA Healthcare Service/a_Profile")): Object: 'Object Repository/Page_CURA Healthcare Service/a_Profile' is clicked on

26-01-2024T13:36:38 - [MESSAGE][PASSED] - Object: 'Object Repository/Page_CURA Healthcare Service/a_Profile' is clicked on

26-01-2024T13:36:38 - [TEST_STEP][PASSED] - navigateToUrl("https://katalon-demo-cura.herokuapp.com/profile.php#profile"): Navigate to 'https://katalon-demo-cura.herokuapp.com/profile.php#profile' successfully

26-01-2024T13:36:38 - [MESSAGE][PASSED] - Navigate to 'https://katalon-demo-cura.herokuapp.com/profile.php#profile' successfully

26-01-2024T13:36:38 - [TEST_STEP][PASSED] - verifyElementText(findTestObject("Object Repository/Page_CURA Healthcare Service/h2_Profile"), "Profile"): Actual text and expected text of test object 'Object Repository/Page_CURA Healthcare Service/h2_Profile' are matched.

26-01-2024T13:36:38 - [MESSAGE][PASSED] - Actual text and expected text of test object 'Object Repository/Page_CURA Healthcare Service/h2_Profile' are matched.

26-01-2024T13:36:38 - [TEST_STEP][PASSED] - verifyElementPresent(findTestObject("Object Repository/Page_CURA Healthcare Service/a_Logout"), 0): Object 'Object Repository/Page_CURA Healthcare Service/a_Logout' is present

26-01-2024T13:36:38 - [MESSAGE][WARNING] - Timeout '0' is invalid. Using default page load timeout: '30'

26-01-2024T13:36:38 - [MESSAGE][PASSED] - Object 'Object Repository/Page_CURA Healthcare Service/a_Logout' is present

26-01-2024T13:36:38 - [MESSAGE][PASSED] - Call Test Case 'Test Cases/Web Testing/View profile' successfully

26-01-2024T13:36:38 - [TEST_STEP][PASSED] - click(findTestObject("Object Repository/Page_CURA Healthcare Service/a_Logout")): Object: 'Object Repository/Page_CURA Healthcare Service/a_Logout' is clicked on

26-01-2024T13:36:39 - [MESSAGE][PASSED] - Object: 'Object Repository/Page_CURA Healthcare Service/a_Logout' is clicked on

26-01-2024T13:36:39 - [TEST_STEP][PASSED] - navigateToUrl("https://katalon-demo-cura.herokuapp.com/"): Navigate to 'https://katalon-demo-cura.herokuapp.com/' successfully

26-01-2024T13:36:39 - [MESSAGE][PASSED] - Navigate to 'https://katalon-demo-cura.herokuapp.com/' successfully

26-01-2024T13:36:39 - [TEST_STEP][PASSED] - closeBrowser(): Browser is closed

26-01-2024T13:36:40 - [MESSAGE][PASSED] - Browser is closed]]></system-out>
         <system-err><![CDATA[]]></system-err>
      </testcase>
      <system-out><![CDATA[26-01-2024T13:33:34 - [TEST_SUITE][FAILED] - Test Suite 2: Test Cases/Web Testing/Logout FAILED.
Reason:
com.kms.katalon.core.exception.StepFailedException: Unable to click on object 'Object Repository/Page_CURA Healthcare Service/a_Logout'
	at com.kms.katalon.core.webui.keyword.internal.WebUIKeywordMain.stepFailed(WebUIKeywordMain.groovy:64)
	at com.kms.katalon.core.webui.keyword.internal.WebUIKeywordMain.runKeyword(WebUIKeywordMain.groovy:26)
	at com.kms.katalon.core.webui.keyword.builtin.ClickKeyword.click(ClickKeyword.groovy:74)
	at com.kms.katalon.core.webui.keyword.builtin.ClickKeyword.execute(ClickKeyword.groovy:40)
	at com.kms.katalon.core.keyword.internal.KeywordExecutor.executeKeywordForPlatform(KeywordExecutor.groovy:74)
	at com.kms.katalon.core.webui.keyword.WebUiBuiltInKeywords.click(WebUiBuiltInKeywords.groovy:659)
	at Logout.run(Logout:28)
	at com.kms.katalon.core.main.ScriptEngine.run(ScriptEngine.java:194)
	at com.kms.katalon.core.main.ScriptEngine.runScriptAsRawText(ScriptEngine.java:119)
	at com.kms.katalon.core.main.TestCaseExecutor.runScript(TestCaseExecutor.java:448)
	at com.kms.katalon.core.main.TestCaseExecutor.doExecute(TestCaseExecutor.java:439)
	at com.kms.katalon.core.main.TestCaseExecutor.processExecutionPhase(TestCaseExecutor.java:418)
	at com.kms.katalon.core.main.TestCaseExecutor.accessMainPhase(TestCaseExecutor.java:410)
	at com.kms.katalon.core.main.TestCaseExecutor.execute(TestCaseExecutor.java:285)
	at com.kms.katalon.core.common.CommonExecutor.accessTestCaseMainPhase(CommonExecutor.java:65)
	at com.kms.katalon.core.main.TestSuiteExecutor.accessTestSuiteMainPhase(TestSuiteExecutor.java:148)
	at com.kms.katalon.core.main.TestSuiteExecutor.execute(TestSuiteExecutor.java:106)
	at com.kms.katalon.core.main.TestCaseMain.startTestSuite(TestCaseMain.java:180)
	at TempTestSuite1706247207825.run(TempTestSuite1706247207825.groovy:36)
	at java.base/jdk.internal.reflect.NativeMethodAccessorImpl.invoke0(Native Method)
	at java.base/jdk.internal.reflect.NativeMethodAccessorImpl.invoke(NativeMethodAccessorImpl.java:77)
	at java.base/jdk.internal.reflect.DelegatingMethodAccessorImpl.invoke(DelegatingMethodAccessorImpl.java:43)
Caused by: com.kms.katalon.core.webui.exception.WebElementNotFoundException: Web element with id: 'Object Repository/Page_CURA Healthcare Service/a_Logout' located by '//section[@id='profile']/div/div/div/p[2]/a' not found
	at com.kms.katalon.core.webui.common.WebUiCommonHelper.findWebElement(WebUiCommonHelper.java:1379)
	at com.kms.katalon.core.webui.keyword.internal.WebUIAbstractKeyword.findWebElement(WebUIAbstractKeyword.groovy:27)
	at com.kms.katalon.core.webui.keyword.builtin.ClickKeyword$_click_closure1.doCall(ClickKeyword.groovy:65)
	at com.kms.katalon.core.webui.keyword.builtin.ClickKeyword$_click_closure1.call(ClickKeyword.groovy)
	at com.kms.katalon.core.webui.keyword.internal.WebUIKeywordMain.runKeyword(WebUIKeywordMain.groovy:20)
	... 20 more]]></system-out>
      <system-err><![CDATA[26-01-2024T13:33:34 - [TEST_SUITE][FAILED] - Test Suite 2: Test Cases/Web Testing/Logout FAILED.
Reason:
com.kms.katalon.core.exception.StepFailedException: Unable to click on object 'Object Repository/Page_CURA Healthcare Service/a_Logout'
	at com.kms.katalon.core.webui.keyword.internal.WebUIKeywordMain.stepFailed(WebUIKeywordMain.groovy:64)
	at com.kms.katalon.core.webui.keyword.internal.WebUIKeywordMain.runKeyword(WebUIKeywordMain.groovy:26)
	at com.kms.katalon.core.webui.keyword.builtin.ClickKeyword.click(ClickKeyword.groovy:74)
	at com.kms.katalon.core.webui.keyword.builtin.ClickKeyword.execute(ClickKeyword.groovy:40)
	at com.kms.katalon.core.keyword.internal.KeywordExecutor.executeKeywordForPlatform(KeywordExecutor.groovy:74)
	at com.kms.katalon.core.webui.keyword.WebUiBuiltInKeywords.click(WebUiBuiltInKeywords.groovy:659)
	at Logout.run(Logout:28)
	at com.kms.katalon.core.main.ScriptEngine.run(ScriptEngine.java:194)
	at com.kms.katalon.core.main.ScriptEngine.runScriptAsRawText(ScriptEngine.java:119)
	at com.kms.katalon.core.main.TestCaseExecutor.runScript(TestCaseExecutor.java:448)
	at com.kms.katalon.core.main.TestCaseExecutor.doExecute(TestCaseExecutor.java:439)
	at com.kms.katalon.core.main.TestCaseExecutor.processExecutionPhase(TestCaseExecutor.java:418)
	at com.kms.katalon.core.main.TestCaseExecutor.accessMainPhase(TestCaseExecutor.java:410)
	at com.kms.katalon.core.main.TestCaseExecutor.execute(TestCaseExecutor.java:285)
	at com.kms.katalon.core.common.CommonExecutor.accessTestCaseMainPhase(CommonExecutor.java:65)
	at com.kms.katalon.core.main.TestSuiteExecutor.accessTestSuiteMainPhase(TestSuiteExecutor.java:148)
	at com.kms.katalon.core.main.TestSuiteExecutor.execute(TestSuiteExecutor.java:106)
	at com.kms.katalon.core.main.TestCaseMain.startTestSuite(TestCaseMain.java:180)
	at TempTestSuite1706247207825.run(TempTestSuite1706247207825.groovy:36)
	at java.base/jdk.internal.reflect.NativeMethodAccessorImpl.invoke0(Native Method)
	at java.base/jdk.internal.reflect.NativeMethodAccessorImpl.invoke(NativeMethodAccessorImpl.java:77)
	at java.base/jdk.internal.reflect.DelegatingMethodAccessorImpl.invoke(DelegatingMethodAccessorImpl.java:43)
Caused by: com.kms.katalon.core.webui.exception.WebElementNotFoundException: Web element with id: 'Object Repository/Page_CURA Healthcare Service/a_Logout' located by '//section[@id='profile']/div/div/div/p[2]/a' not found
	at com.kms.katalon.core.webui.common.WebUiCommonHelper.findWebElement(WebUiCommonHelper.java:1379)
	at com.kms.katalon.core.webui.keyword.internal.WebUIAbstractKeyword.findWebElement(WebUIAbstractKeyword.groovy:27)
	at com.kms.katalon.core.webui.keyword.builtin.ClickKeyword$_click_closure1.doCall(ClickKeyword.groovy:65)
	at com.kms.katalon.core.webui.keyword.builtin.ClickKeyword$_click_closure1.call(ClickKeyword.groovy)
	at com.kms.katalon.core.webui.keyword.internal.WebUIKeywordMain.runKeyword(WebUIKeywordMain.groovy:20)
	... 20 more]]></system-err>
   </testsuite>
</testsuites>
