<?xml version="1.0" encoding="UTF-8"?>
<testsuites name="Basic sanity - Copy" time="64.655" tests="7" failures="0" errors="0">
   <testsuite name="Basic sanity - Copy" tests="7" failures="0" errors="0" time="64.655" skipped="0" timestamp="29-01-2024T12:08:09" hostname="nurulainasyuhada - localhost" id="Test Suites/Basic sanity - Copy">
      <properties>
         <property name="deviceName" value=""/>
         <property name="devicePlatform" value=""/>
         <property name="logFolder" value="/Users/nurulainasyuhada/git/KatalonPractice1/Reports/20240129_120803/Basic sanity - Copy/20240129_120803"/>
         <property name="logFiles" value="/Users/nurulainasyuhada/git/KatalonPractice1/Reports/20240129_120803/Basic sanity - Copy/20240129_120803/execution0.log"/>
         <property name="attachments" value="keyes/keyes-AppointmentConfirmation.png, keyes/keyes-AppointmentConfirmation.png, keyes/keyes-AppointmentConfirmation.png"/>
         <property name="hostName" value="nurulainasyuhada - localhost"/>
         <property name="os" value="Mac OS X 64bit"/>
         <property name="katalonVersion" value="9.2.0.212"/>
         <property name="browser" value="Chrome 120.0.6099.234"/>
         <property name="hostAddress" value="127.0.0.1"/>
         <property name="sessionId" value="087e2950b285ba27b653e1347be3e860"/>
         <property name="seleniumVersion" value="3.141.59"/>
         <property name="proxyInformation" value="ProxyInformation { proxyOption=NO_PROXY, proxyServerType=HTTP, username=, password=********, proxyServerAddress=, proxyServerPort=0, executionList=&quot;&quot;, isApplyToDesiredCapabilities=true }"/>
         <property name="platform" value="Mac OS X"/>
      </properties>
      <testcase name="Test Cases/Web Testing/TC001_Login" time="13.173" classname="Test Cases/Web Testing/TC001_Login" status="PASSED">
         <system-out><![CDATA[29-01-2024T12:08:09 - [TEST_CASE][PASSED] - Test Cases/Web Testing/TC001_Login: Test Cases/Web Testing/TC001_Login

29-01-2024T12:08:10 - [TEST_STEP][PASSED] - callTestCase(findTestCase("Web Testing/Reused Test Cases/Login"), ["Username":"John Doe", "Password":"ThisIsNotAPassword"], STOP_ON_FAILURE): Call Test Case 'Test Cases/Web Testing/Reused Test Cases/Login' successfully

29-01-2024T12:08:10 - [TEST_CASE][PASSED] - Test Cases/Web Testing/Reused Test Cases/Login: Test Cases/Web Testing/Reused Test Cases/Login

29-01-2024T12:08:10 - [TEST_STEP][PASSED] - openBrowser(""): Browser is opened with url: ''

29-01-2024T12:08:10 - [MESSAGE][INFO] - Starting 'Chrome (headless)' driver

29-01-2024T12:08:10 - [MESSAGE][INFO] - Action delay is set to 0 milliseconds

29-01-2024T12:08:11 - [MESSAGE][PASSED] - Browser is opened with url: ''

29-01-2024T12:08:11 - [TEST_STEP][PASSED] - navigateToUrl("https://katalon-demo-cura.herokuapp.com/"): Navigate to 'https://katalon-demo-cura.herokuapp.com/' successfully

29-01-2024T12:08:19 - [MESSAGE][PASSED] - Navigate to 'https://katalon-demo-cura.herokuapp.com/' successfully

29-01-2024T12:08:19 - [TEST_STEP][PASSED] - click(findTestObject("Object Repository/Page_CURA Healthcare Service/a_Make Appointment")): Object: 'Object Repository/Page_CURA Healthcare Service/a_Make Appointment' is clicked on

29-01-2024T12:08:21 - [MESSAGE][PASSED] - Object: 'Object Repository/Page_CURA Healthcare Service/a_Make Appointment' is clicked on

29-01-2024T12:08:21 - [TEST_STEP][PASSED] - setText(findTestObject("Object Repository/Page_CURA Healthcare Service/input_username"), Username): Text 'John Doe' is set on object 'Object Repository/Page_CURA Healthcare Service/input_username'

29-01-2024T12:08:21 - [MESSAGE][PASSED] - Text 'John Doe' is set on object 'Object Repository/Page_CURA Healthcare Service/input_username'

29-01-2024T12:08:21 - [TEST_STEP][PASSED] - setText(findTestObject("Object Repository/Page_CURA Healthcare Service/input_password"), Password): Text 'ThisIsNotAPassword' is set on object 'Object Repository/Page_CURA Healthcare Service/input_password'

29-01-2024T12:08:21 - [MESSAGE][PASSED] - Text 'ThisIsNotAPassword' is set on object 'Object Repository/Page_CURA Healthcare Service/input_password'

29-01-2024T12:08:21 - [TEST_STEP][PASSED] - click(findTestObject("Object Repository/Page_CURA Healthcare Service/button_Login")): Object: 'Object Repository/Page_CURA Healthcare Service/button_Login' is clicked on

29-01-2024T12:08:23 - [MESSAGE][PASSED] - Object: 'Object Repository/Page_CURA Healthcare Service/button_Login' is clicked on

29-01-2024T12:08:23 - [MESSAGE][PASSED] - Call Test Case 'Test Cases/Web Testing/Reused Test Cases/Login' successfully

29-01-2024T12:08:23 - [TEST_STEP][PASSED] - closeBrowser(): Browser is closed

29-01-2024T12:08:23 - [MESSAGE][PASSED] - Browser is closed]]></system-out>
         <system-err><![CDATA[]]></system-err>
      </testcase>
      <testcase name="Test Cases/Web Testing/TC002_Logout_Profile page" time="12.781" classname="Test Cases/Web Testing/TC002_Logout_Profile page" status="PASSED">
         <system-out><![CDATA[29-01-2024T12:08:23 - [TEST_CASE][PASSED] - Test Cases/Web Testing/TC002_Logout_Profile page: Test Cases/Web Testing/TC002_Logout_Profile page

29-01-2024T12:08:23 - [TEST_STEP][PASSED] - callTestCase(findTestCase("Web Testing/Logout_profile page"), [:], STOP_ON_FAILURE): Call Test Case 'Test Cases/Web Testing/Logout_profile page' successfully

29-01-2024T12:08:23 - [TEST_CASE][PASSED] - Test Cases/Web Testing/Logout_profile page: Test Cases/Web Testing/Logout_profile page

29-01-2024T12:08:23 - [TEST_STEP][PASSED] - callTestCase(findTestCase("Web Testing/View profile"), [:], STOP_ON_FAILURE): Call Test Case 'Test Cases/Web Testing/View profile' successfully

29-01-2024T12:08:23 - [TEST_CASE][PASSED] - Test Cases/Web Testing/View profile: Test Cases/Web Testing/View profile

29-01-2024T12:08:23 - [TEST_STEP][PASSED] - callTestCase(findTestCase("Web Testing/Reused Test Cases/Login"), ["Username":"John Doe", "Password":"ThisIsNotAPassword"], STOP_ON_FAILURE): Call Test Case 'Test Cases/Web Testing/Reused Test Cases/Login' successfully

29-01-2024T12:08:23 - [TEST_CASE][PASSED] - Test Cases/Web Testing/Reused Test Cases/Login: Test Cases/Web Testing/Reused Test Cases/Login

29-01-2024T12:08:23 - [TEST_STEP][PASSED] - openBrowser(""): Browser is opened with url: ''

29-01-2024T12:08:23 - [MESSAGE][INFO] - Starting 'Chrome (headless)' driver

29-01-2024T12:08:23 - [MESSAGE][INFO] - Action delay is set to 0 milliseconds

29-01-2024T12:08:23 - [MESSAGE][PASSED] - Browser is opened with url: ''

29-01-2024T12:08:23 - [TEST_STEP][PASSED] - navigateToUrl("https://katalon-demo-cura.herokuapp.com/"): Navigate to 'https://katalon-demo-cura.herokuapp.com/' successfully

29-01-2024T12:08:28 - [MESSAGE][PASSED] - Navigate to 'https://katalon-demo-cura.herokuapp.com/' successfully

29-01-2024T12:08:28 - [TEST_STEP][PASSED] - click(findTestObject("Object Repository/Page_CURA Healthcare Service/a_Make Appointment")): Object: 'Object Repository/Page_CURA Healthcare Service/a_Make Appointment' is clicked on

29-01-2024T12:08:29 - [MESSAGE][PASSED] - Object: 'Object Repository/Page_CURA Healthcare Service/a_Make Appointment' is clicked on

29-01-2024T12:08:29 - [TEST_STEP][PASSED] - setText(findTestObject("Object Repository/Page_CURA Healthcare Service/input_username"), Username): Text 'John Doe' is set on object 'Object Repository/Page_CURA Healthcare Service/input_username'

29-01-2024T12:08:29 - [MESSAGE][PASSED] - Text 'John Doe' is set on object 'Object Repository/Page_CURA Healthcare Service/input_username'

29-01-2024T12:08:29 - [TEST_STEP][PASSED] - setText(findTestObject("Object Repository/Page_CURA Healthcare Service/input_password"), Password): Text 'ThisIsNotAPassword' is set on object 'Object Repository/Page_CURA Healthcare Service/input_password'

29-01-2024T12:08:29 - [MESSAGE][PASSED] - Text 'ThisIsNotAPassword' is set on object 'Object Repository/Page_CURA Healthcare Service/input_password'

29-01-2024T12:08:29 - [TEST_STEP][PASSED] - click(findTestObject("Object Repository/Page_CURA Healthcare Service/button_Login")): Object: 'Object Repository/Page_CURA Healthcare Service/button_Login' is clicked on

29-01-2024T12:08:30 - [MESSAGE][PASSED] - Object: 'Object Repository/Page_CURA Healthcare Service/button_Login' is clicked on

29-01-2024T12:08:30 - [MESSAGE][PASSED] - Call Test Case 'Test Cases/Web Testing/Reused Test Cases/Login' successfully

29-01-2024T12:08:30 - [TEST_STEP][PASSED] - click(findTestObject("Object Repository/Page_CURA Healthcare Service/amenu-toggle")): Object: 'Object Repository/Page_CURA Healthcare Service/amenu-toggle' is clicked on

29-01-2024T12:08:30 - [MESSAGE][PASSED] - Object: 'Object Repository/Page_CURA Healthcare Service/amenu-toggle' is clicked on

29-01-2024T12:08:30 - [TEST_STEP][PASSED] - click(findTestObject("Object Repository/Page_CURA Healthcare Service/a_Profile")): Object: 'Object Repository/Page_CURA Healthcare Service/a_Profile' is clicked on

29-01-2024T12:08:31 - [MESSAGE][PASSED] - Object: 'Object Repository/Page_CURA Healthcare Service/a_Profile' is clicked on

29-01-2024T12:08:31 - [TEST_STEP][PASSED] - navigateToUrl("https://katalon-demo-cura.herokuapp.com/profile.php#profile"): Navigate to 'https://katalon-demo-cura.herokuapp.com/profile.php#profile' successfully

29-01-2024T12:08:31 - [MESSAGE][PASSED] - Navigate to 'https://katalon-demo-cura.herokuapp.com/profile.php#profile' successfully

29-01-2024T12:08:31 - [TEST_STEP][PASSED] - verifyElementText(findTestObject("Object Repository/Page_CURA Healthcare Service/h2_Profile"), "Profile"): Actual text and expected text of test object 'Object Repository/Page_CURA Healthcare Service/h2_Profile' are matched.

29-01-2024T12:08:31 - [MESSAGE][PASSED] - Actual text and expected text of test object 'Object Repository/Page_CURA Healthcare Service/h2_Profile' are matched.

29-01-2024T12:08:31 - [TEST_STEP][PASSED] - verifyElementPresent(findTestObject("Object Repository/Page_CURA Healthcare Service/a_Logout"), 0): Object 'Object Repository/Page_CURA Healthcare Service/a_Logout' is present

29-01-2024T12:08:31 - [MESSAGE][WARNING] - Timeout '0' is invalid. Using default page load timeout: '30'

29-01-2024T12:08:31 - [MESSAGE][PASSED] - Object 'Object Repository/Page_CURA Healthcare Service/a_Logout' is present

29-01-2024T12:08:31 - [MESSAGE][PASSED] - Call Test Case 'Test Cases/Web Testing/View profile' successfully

29-01-2024T12:08:31 - [TEST_STEP][PASSED] - click(findTestObject("Object Repository/Page_CURA Healthcare Service/a_Logout")): Object: 'Object Repository/Page_CURA Healthcare Service/a_Logout' is clicked on

29-01-2024T12:08:32 - [MESSAGE][PASSED] - Object: 'Object Repository/Page_CURA Healthcare Service/a_Logout' is clicked on

29-01-2024T12:08:32 - [TEST_STEP][PASSED] - navigateToUrl("https://katalon-demo-cura.herokuapp.com/"): Navigate to 'https://katalon-demo-cura.herokuapp.com/' successfully

29-01-2024T12:08:35 - [MESSAGE][PASSED] - Navigate to 'https://katalon-demo-cura.herokuapp.com/' successfully

29-01-2024T12:08:35 - [TEST_STEP][PASSED] - closeBrowser(): Browser is closed

29-01-2024T12:08:35 - [MESSAGE][PASSED] - Browser is closed

29-01-2024T12:08:35 - [MESSAGE][PASSED] - Call Test Case 'Test Cases/Web Testing/Logout_profile page' successfully]]></system-out>
         <system-err><![CDATA[]]></system-err>
      </testcase>
      <testcase name="Test Cases/Web Testing/TC003_Logout_History page" time="9.44" classname="Test Cases/Web Testing/TC003_Logout_History page" status="PASSED">
         <system-out><![CDATA[29-01-2024T12:08:35 - [TEST_CASE][PASSED] - Test Cases/Web Testing/TC003_Logout_History page: Test Cases/Web Testing/TC003_Logout_History page

29-01-2024T12:08:35 - [TEST_STEP][PASSED] - callTestCase(findTestCase("Web Testing/Logout_history page"), [:], STOP_ON_FAILURE): Call Test Case 'Test Cases/Web Testing/Logout_history page' successfully

29-01-2024T12:08:36 - [TEST_CASE][PASSED] - Test Cases/Web Testing/Logout_history page: Test Cases/Web Testing/Logout_history page

29-01-2024T12:08:36 - [TEST_STEP][PASSED] - callTestCase(findTestCase("Web Testing/View history"), [:], STOP_ON_FAILURE): Call Test Case 'Test Cases/Web Testing/View history' successfully

29-01-2024T12:08:36 - [TEST_CASE][PASSED] - Test Cases/Web Testing/View history: Test Cases/Web Testing/View history

29-01-2024T12:08:36 - [TEST_STEP][PASSED] - callTestCase(findTestCase("Web Testing/Reused Test Cases/Book Appointment"), [:], STOP_ON_FAILURE): Call Test Case 'Test Cases/Web Testing/Reused Test Cases/Book Appointment' successfully

29-01-2024T12:08:36 - [TEST_CASE][PASSED] - Test Cases/Web Testing/Reused Test Cases/Book Appointment: Test Cases/Web Testing/Reused Test Cases/Book Appointment

29-01-2024T12:08:36 - [TEST_STEP][PASSED] - callTestCase(findTestCase("Web Testing/Reused Test Cases/Login"), [:], STOP_ON_FAILURE): Call Test Case 'Test Cases/Web Testing/Reused Test Cases/Login' successfully

29-01-2024T12:08:36 - [TEST_CASE][PASSED] - Test Cases/Web Testing/Reused Test Cases/Login: Test Cases/Web Testing/Reused Test Cases/Login

29-01-2024T12:08:36 - [TEST_STEP][PASSED] - openBrowser(""): Browser is opened with url: ''

29-01-2024T12:08:36 - [MESSAGE][INFO] - Starting 'Chrome (headless)' driver

29-01-2024T12:08:36 - [MESSAGE][INFO] - Action delay is set to 0 milliseconds

29-01-2024T12:08:36 - [MESSAGE][PASSED] - Browser is opened with url: ''

29-01-2024T12:08:36 - [TEST_STEP][PASSED] - navigateToUrl("https://katalon-demo-cura.herokuapp.com/"): Navigate to 'https://katalon-demo-cura.herokuapp.com/' successfully

29-01-2024T12:08:40 - [MESSAGE][PASSED] - Navigate to 'https://katalon-demo-cura.herokuapp.com/' successfully

29-01-2024T12:08:40 - [TEST_STEP][PASSED] - click(findTestObject("Object Repository/Page_CURA Healthcare Service/a_Make Appointment")): Object: 'Object Repository/Page_CURA Healthcare Service/a_Make Appointment' is clicked on

29-01-2024T12:08:41 - [MESSAGE][PASSED] - Object: 'Object Repository/Page_CURA Healthcare Service/a_Make Appointment' is clicked on

29-01-2024T12:08:41 - [TEST_STEP][PASSED] - setText(findTestObject("Object Repository/Page_CURA Healthcare Service/input_username"), Username): Text 'John Doe' is set on object 'Object Repository/Page_CURA Healthcare Service/input_username'

29-01-2024T12:08:41 - [MESSAGE][PASSED] - Text 'John Doe' is set on object 'Object Repository/Page_CURA Healthcare Service/input_username'

29-01-2024T12:08:41 - [TEST_STEP][PASSED] - setText(findTestObject("Object Repository/Page_CURA Healthcare Service/input_password"), Password): Text 'ThisIsNotAPassword' is set on object 'Object Repository/Page_CURA Healthcare Service/input_password'

29-01-2024T12:08:41 - [MESSAGE][PASSED] - Text 'ThisIsNotAPassword' is set on object 'Object Repository/Page_CURA Healthcare Service/input_password'

29-01-2024T12:08:41 - [TEST_STEP][PASSED] - click(findTestObject("Object Repository/Page_CURA Healthcare Service/button_Login")): Object: 'Object Repository/Page_CURA Healthcare Service/button_Login' is clicked on

29-01-2024T12:08:42 - [MESSAGE][PASSED] - Object: 'Object Repository/Page_CURA Healthcare Service/button_Login' is clicked on

29-01-2024T12:08:42 - [MESSAGE][PASSED] - Call Test Case 'Test Cases/Web Testing/Reused Test Cases/Login' successfully

29-01-2024T12:08:42 - [TEST_STEP][PASSED] - selectOptionByValue(findTestObject("Object Repository/Page_CURA Healthcare Service/select_Tokyo CURA Healthcare Center        _5b4107"), "Seoul CURA Healthcare Center", true): All options with value 'Seoul CURA Healthcare Center' are selected in object 'Object Repository/Page_CURA Healthcare Service/select_Tokyo CURA Healthcare Center        _5b4107'  using regular expression

29-01-2024T12:08:42 - [MESSAGE][PASSED] - All options with value 'Seoul CURA Healthcare Center' are selected in object 'Object Repository/Page_CURA Healthcare Service/select_Tokyo CURA Healthcare Center        _5b4107'  using regular expression

29-01-2024T12:08:42 - [TEST_STEP][PASSED] - click(findTestObject("Object Repository/Page_CURA Healthcare Service/input_programs")): Object: 'Object Repository/Page_CURA Healthcare Service/input_programs' is clicked on

29-01-2024T12:08:42 - [MESSAGE][PASSED] - Object: 'Object Repository/Page_CURA Healthcare Service/input_programs' is clicked on

29-01-2024T12:08:42 - [TEST_STEP][PASSED] - click(findTestObject("Object Repository/Page_CURA Healthcare Service/input_visit_date")): Object: 'Object Repository/Page_CURA Healthcare Service/input_visit_date' is clicked on

29-01-2024T12:08:42 - [MESSAGE][PASSED] - Object: 'Object Repository/Page_CURA Healthcare Service/input_visit_date' is clicked on

29-01-2024T12:08:42 - [TEST_STEP][PASSED] - click(findTestObject("Object Repository/Page_CURA Healthcare Service/td_31")): Object: 'Object Repository/Page_CURA Healthcare Service/td_31' is clicked on

29-01-2024T12:08:42 - [MESSAGE][PASSED] - Object: 'Object Repository/Page_CURA Healthcare Service/td_31' is clicked on

29-01-2024T12:08:42 - [TEST_STEP][PASSED] - setText(findTestObject("Object Repository/Page_CURA Healthcare Service/textarea_comment"), "No comment"): Text 'No comment' is set on object 'Object Repository/Page_CURA Healthcare Service/textarea_comment'

29-01-2024T12:08:43 - [MESSAGE][PASSED] - Text 'No comment' is set on object 'Object Repository/Page_CURA Healthcare Service/textarea_comment'

29-01-2024T12:08:43 - [TEST_STEP][PASSED] - click(findTestObject("Object Repository/Page_CURA Healthcare Service/button_Book Appointment")): Object: 'Object Repository/Page_CURA Healthcare Service/button_Book Appointment' is clicked on

29-01-2024T12:08:43 - [MESSAGE][PASSED] - Object: 'Object Repository/Page_CURA Healthcare Service/button_Book Appointment' is clicked on

29-01-2024T12:08:43 - [TEST_STEP][PASSED] - navigateToUrl("https://katalon-demo-cura.herokuapp.com/appointment.php#summary"): Navigate to 'https://katalon-demo-cura.herokuapp.com/appointment.php#summary' successfully

29-01-2024T12:08:43 - [MESSAGE][PASSED] - Navigate to 'https://katalon-demo-cura.herokuapp.com/appointment.php#summary' successfully

29-01-2024T12:08:43 - [TEST_STEP][PASSED] - verifyElementText(findTestObject("Object Repository/Page_CURA Healthcare Service/h2_Appointment Confirmation"), "Appointment Confirmation"): Actual text and expected text of test object 'Object Repository/Page_CURA Healthcare Service/h2_Appointment Confirmation' are matched.

29-01-2024T12:08:43 - [MESSAGE][PASSED] - Actual text and expected text of test object 'Object Repository/Page_CURA Healthcare Service/h2_Appointment Confirmation' are matched.

29-01-2024T12:08:43 - [TEST_STEP][PASSED] - takeScreenshotAsCheckpoint("AppointmentConfirmation"): Taking screenshot successfully

29-01-2024T12:08:43 - [MESSAGE][INFO] - 0 hidden object(s)

29-01-2024T12:08:43 - [MESSAGE][PASSED] - Taking screenshot successfully
[[ATTACHMENT|keyes/keyes-AppointmentConfirmation.png]]

29-01-2024T12:08:43 - [MESSAGE][PASSED] - Call Test Case 'Test Cases/Web Testing/Reused Test Cases/Book Appointment' successfully

29-01-2024T12:08:43 - [TEST_STEP][PASSED] - click(findTestObject("Object Repository/Page_CURA Healthcare Service/i_fa fa-bars")): Object: 'Object Repository/Page_CURA Healthcare Service/i_fa fa-bars' is clicked on

29-01-2024T12:08:43 - [MESSAGE][PASSED] - Object: 'Object Repository/Page_CURA Healthcare Service/i_fa fa-bars' is clicked on

29-01-2024T12:08:43 - [TEST_STEP][PASSED] - click(findTestObject("Object Repository/Page_CURA Healthcare Service/a_History")): Object: 'Object Repository/Page_CURA Healthcare Service/a_History' is clicked on

29-01-2024T12:08:44 - [MESSAGE][PASSED] - Object: 'Object Repository/Page_CURA Healthcare Service/a_History' is clicked on

29-01-2024T12:08:44 - [TEST_STEP][PASSED] - navigateToUrl("https://katalon-demo-cura.herokuapp.com/history.php#history"): Navigate to 'https://katalon-demo-cura.herokuapp.com/history.php#history' successfully

29-01-2024T12:08:44 - [MESSAGE][PASSED] - Navigate to 'https://katalon-demo-cura.herokuapp.com/history.php#history' successfully

29-01-2024T12:08:44 - [TEST_STEP][PASSED] - currentwindow = getUrl(): Current window's url is: 'https://katalon-demo-cura.herokuapp.com/history.php#history'

29-01-2024T12:08:44 - [MESSAGE][PASSED] - Current window's url is: 'https://katalon-demo-cura.herokuapp.com/history.php#history'

29-01-2024T12:08:44 - [TEST_STEP][PASSED] - verifyMatch(currentwindow, "https://katalon-demo-cura.herokuapp.com/history.php#history", false): Actual text 'https://katalon-demo-cura.herokuapp.com/history.php#history' and expected text 'https://katalon-demo-cura.herokuapp.com/history.php#history' are matched 

29-01-2024T12:08:44 - [MESSAGE][PASSED] - Actual text 'https://katalon-demo-cura.herokuapp.com/history.php#history' and expected text 'https://katalon-demo-cura.herokuapp.com/history.php#history' are matched 

29-01-2024T12:08:44 - [TEST_STEP][PASSED] - verifyElementText(findTestObject("Object Repository/Page_CURA Healthcare Service/h2_History"), "History"): Actual text and expected text of test object 'Object Repository/Page_CURA Healthcare Service/h2_History' are matched.

29-01-2024T12:08:44 - [MESSAGE][PASSED] - Actual text and expected text of test object 'Object Repository/Page_CURA Healthcare Service/h2_History' are matched.

29-01-2024T12:08:44 - [TEST_STEP][PASSED] - verifyElementText(findTestObject("Object Repository/Page_CURA Healthcare Service/p_Seoul CURA Healthcare Center"), "Seoul CURA Healthcare Center"): Actual text and expected text of test object 'Object Repository/Page_CURA Healthcare Service/p_Seoul CURA Healthcare Center' are matched.

29-01-2024T12:08:44 - [MESSAGE][PASSED] - Actual text and expected text of test object 'Object Repository/Page_CURA Healthcare Service/p_Seoul CURA Healthcare Center' are matched.

29-01-2024T12:08:44 - [TEST_STEP][PASSED] - verifyElementText(findTestObject("Object Repository/Page_CURA Healthcare Service/p_No"), "No"): Actual text and expected text of test object 'Object Repository/Page_CURA Healthcare Service/p_No' are matched.

29-01-2024T12:08:44 - [MESSAGE][PASSED] - Actual text and expected text of test object 'Object Repository/Page_CURA Healthcare Service/p_No' are matched.

29-01-2024T12:08:44 - [TEST_STEP][PASSED] - verifyElementText(findTestObject("Object Repository/Page_CURA Healthcare Service/p_Medicaid"), "Medicaid"): Actual text and expected text of test object 'Object Repository/Page_CURA Healthcare Service/p_Medicaid' are matched.

29-01-2024T12:08:44 - [MESSAGE][PASSED] - Actual text and expected text of test object 'Object Repository/Page_CURA Healthcare Service/p_Medicaid' are matched.

29-01-2024T12:08:44 - [TEST_STEP][PASSED] - verifyElementText(findTestObject("Object Repository/Page_CURA Healthcare Service/p_No comment"), "No comment"): Actual text and expected text of test object 'Object Repository/Page_CURA Healthcare Service/p_No comment' are matched.

29-01-2024T12:08:44 - [MESSAGE][PASSED] - Actual text and expected text of test object 'Object Repository/Page_CURA Healthcare Service/p_No comment' are matched.

29-01-2024T12:08:44 - [MESSAGE][PASSED] - Call Test Case 'Test Cases/Web Testing/View history' successfully

29-01-2024T12:08:44 - [TEST_STEP][PASSED] - click(findTestObject("Object Repository/Page_CURA Healthcare Service/i_fa fa-bars")): Object: 'Object Repository/Page_CURA Healthcare Service/i_fa fa-bars' is clicked on

29-01-2024T12:08:44 - [MESSAGE][PASSED] - Object: 'Object Repository/Page_CURA Healthcare Service/i_fa fa-bars' is clicked on

29-01-2024T12:08:44 - [TEST_STEP][PASSED] - click(findTestObject("Object Repository/Page_CURA Healthcare Service/a_Logout")): Object: 'Object Repository/Page_CURA Healthcare Service/a_Logout' is clicked on

29-01-2024T12:08:44 - [MESSAGE][PASSED] - Object: 'Object Repository/Page_CURA Healthcare Service/a_Logout' is clicked on

29-01-2024T12:08:44 - [TEST_STEP][PASSED] - navigateToUrl("https://katalon-demo-cura.herokuapp.com/"): Navigate to 'https://katalon-demo-cura.herokuapp.com/' successfully

29-01-2024T12:08:45 - [MESSAGE][PASSED] - Navigate to 'https://katalon-demo-cura.herokuapp.com/' successfully

29-01-2024T12:08:45 - [TEST_STEP][PASSED] - closeBrowser(): Browser is closed

29-01-2024T12:08:45 - [MESSAGE][PASSED] - Browser is closed

29-01-2024T12:08:45 - [MESSAGE][PASSED] - Call Test Case 'Test Cases/Web Testing/Logout_history page' successfully]]></system-out>
         <system-err><![CDATA[]]></system-err>
      </testcase>
      <testcase name="Test Cases/Web Testing/TC004_Book Appointment" time="8.034" classname="Test Cases/Web Testing/TC004_Book Appointment" status="PASSED">
         <system-out><![CDATA[29-01-2024T12:08:45 - [TEST_CASE][PASSED] - Test Cases/Web Testing/TC004_Book Appointment: Test Cases/Web Testing/TC004_Book Appointment

29-01-2024T12:08:45 - [TEST_STEP][PASSED] - callTestCase(findTestCase("Web Testing/Reused Test Cases/Book Appointment"), [:], STOP_ON_FAILURE): Call Test Case 'Test Cases/Web Testing/Reused Test Cases/Book Appointment' successfully

29-01-2024T12:08:45 - [TEST_CASE][PASSED] - Test Cases/Web Testing/Reused Test Cases/Book Appointment: Test Cases/Web Testing/Reused Test Cases/Book Appointment

29-01-2024T12:08:45 - [TEST_STEP][PASSED] - callTestCase(findTestCase("Web Testing/Reused Test Cases/Login"), [:], STOP_ON_FAILURE): Call Test Case 'Test Cases/Web Testing/Reused Test Cases/Login' successfully

29-01-2024T12:08:45 - [TEST_CASE][PASSED] - Test Cases/Web Testing/Reused Test Cases/Login: Test Cases/Web Testing/Reused Test Cases/Login

29-01-2024T12:08:45 - [TEST_STEP][PASSED] - openBrowser(""): Browser is opened with url: ''

29-01-2024T12:08:45 - [MESSAGE][INFO] - Starting 'Chrome (headless)' driver

29-01-2024T12:08:45 - [MESSAGE][INFO] - Action delay is set to 0 milliseconds

29-01-2024T12:08:45 - [MESSAGE][PASSED] - Browser is opened with url: ''

29-01-2024T12:08:45 - [TEST_STEP][PASSED] - navigateToUrl("https://katalon-demo-cura.herokuapp.com/"): Navigate to 'https://katalon-demo-cura.herokuapp.com/' successfully

29-01-2024T12:08:49 - [MESSAGE][PASSED] - Navigate to 'https://katalon-demo-cura.herokuapp.com/' successfully

29-01-2024T12:08:49 - [TEST_STEP][PASSED] - click(findTestObject("Object Repository/Page_CURA Healthcare Service/a_Make Appointment")): Object: 'Object Repository/Page_CURA Healthcare Service/a_Make Appointment' is clicked on

29-01-2024T12:08:50 - [MESSAGE][PASSED] - Object: 'Object Repository/Page_CURA Healthcare Service/a_Make Appointment' is clicked on

29-01-2024T12:08:50 - [TEST_STEP][PASSED] - setText(findTestObject("Object Repository/Page_CURA Healthcare Service/input_username"), Username): Text 'John Doe' is set on object 'Object Repository/Page_CURA Healthcare Service/input_username'

29-01-2024T12:08:50 - [MESSAGE][PASSED] - Text 'John Doe' is set on object 'Object Repository/Page_CURA Healthcare Service/input_username'

29-01-2024T12:08:50 - [TEST_STEP][PASSED] - setText(findTestObject("Object Repository/Page_CURA Healthcare Service/input_password"), Password): Text 'ThisIsNotAPassword' is set on object 'Object Repository/Page_CURA Healthcare Service/input_password'

29-01-2024T12:08:50 - [MESSAGE][PASSED] - Text 'ThisIsNotAPassword' is set on object 'Object Repository/Page_CURA Healthcare Service/input_password'

29-01-2024T12:08:50 - [TEST_STEP][PASSED] - click(findTestObject("Object Repository/Page_CURA Healthcare Service/button_Login")): Object: 'Object Repository/Page_CURA Healthcare Service/button_Login' is clicked on

29-01-2024T12:08:51 - [MESSAGE][PASSED] - Object: 'Object Repository/Page_CURA Healthcare Service/button_Login' is clicked on

29-01-2024T12:08:51 - [MESSAGE][PASSED] - Call Test Case 'Test Cases/Web Testing/Reused Test Cases/Login' successfully

29-01-2024T12:08:51 - [TEST_STEP][PASSED] - selectOptionByValue(findTestObject("Object Repository/Page_CURA Healthcare Service/select_Tokyo CURA Healthcare Center        _5b4107"), "Seoul CURA Healthcare Center", true): All options with value 'Seoul CURA Healthcare Center' are selected in object 'Object Repository/Page_CURA Healthcare Service/select_Tokyo CURA Healthcare Center        _5b4107'  using regular expression

29-01-2024T12:08:51 - [MESSAGE][PASSED] - All options with value 'Seoul CURA Healthcare Center' are selected in object 'Object Repository/Page_CURA Healthcare Service/select_Tokyo CURA Healthcare Center        _5b4107'  using regular expression

29-01-2024T12:08:51 - [TEST_STEP][PASSED] - click(findTestObject("Object Repository/Page_CURA Healthcare Service/input_programs")): Object: 'Object Repository/Page_CURA Healthcare Service/input_programs' is clicked on

29-01-2024T12:08:51 - [MESSAGE][PASSED] - Object: 'Object Repository/Page_CURA Healthcare Service/input_programs' is clicked on

29-01-2024T12:08:51 - [TEST_STEP][PASSED] - click(findTestObject("Object Repository/Page_CURA Healthcare Service/input_visit_date")): Object: 'Object Repository/Page_CURA Healthcare Service/input_visit_date' is clicked on

29-01-2024T12:08:51 - [MESSAGE][PASSED] - Object: 'Object Repository/Page_CURA Healthcare Service/input_visit_date' is clicked on

29-01-2024T12:08:51 - [TEST_STEP][PASSED] - click(findTestObject("Object Repository/Page_CURA Healthcare Service/td_31")): Object: 'Object Repository/Page_CURA Healthcare Service/td_31' is clicked on

29-01-2024T12:08:51 - [MESSAGE][PASSED] - Object: 'Object Repository/Page_CURA Healthcare Service/td_31' is clicked on

29-01-2024T12:08:51 - [TEST_STEP][PASSED] - setText(findTestObject("Object Repository/Page_CURA Healthcare Service/textarea_comment"), "No comment"): Text 'No comment' is set on object 'Object Repository/Page_CURA Healthcare Service/textarea_comment'

29-01-2024T12:08:52 - [MESSAGE][PASSED] - Text 'No comment' is set on object 'Object Repository/Page_CURA Healthcare Service/textarea_comment'

29-01-2024T12:08:52 - [TEST_STEP][PASSED] - click(findTestObject("Object Repository/Page_CURA Healthcare Service/button_Book Appointment")): Object: 'Object Repository/Page_CURA Healthcare Service/button_Book Appointment' is clicked on

29-01-2024T12:08:53 - [MESSAGE][PASSED] - Object: 'Object Repository/Page_CURA Healthcare Service/button_Book Appointment' is clicked on

29-01-2024T12:08:53 - [TEST_STEP][PASSED] - navigateToUrl("https://katalon-demo-cura.herokuapp.com/appointment.php#summary"): Navigate to 'https://katalon-demo-cura.herokuapp.com/appointment.php#summary' successfully

29-01-2024T12:08:53 - [MESSAGE][PASSED] - Navigate to 'https://katalon-demo-cura.herokuapp.com/appointment.php#summary' successfully

29-01-2024T12:08:53 - [TEST_STEP][PASSED] - verifyElementText(findTestObject("Object Repository/Page_CURA Healthcare Service/h2_Appointment Confirmation"), "Appointment Confirmation"): Actual text and expected text of test object 'Object Repository/Page_CURA Healthcare Service/h2_Appointment Confirmation' are matched.

29-01-2024T12:08:53 - [MESSAGE][PASSED] - Actual text and expected text of test object 'Object Repository/Page_CURA Healthcare Service/h2_Appointment Confirmation' are matched.

29-01-2024T12:08:53 - [TEST_STEP][PASSED] - takeScreenshotAsCheckpoint("AppointmentConfirmation"): Taking screenshot successfully

29-01-2024T12:08:53 - [MESSAGE][INFO] - 0 hidden object(s)

29-01-2024T12:08:53 - [MESSAGE][PASSED] - Taking screenshot successfully
[[ATTACHMENT|keyes/keyes-AppointmentConfirmation.png]]

29-01-2024T12:08:53 - [MESSAGE][PASSED] - Call Test Case 'Test Cases/Web Testing/Reused Test Cases/Book Appointment' successfully]]></system-out>
         <system-err><![CDATA[]]></system-err>
      </testcase>
      <testcase name="Test Cases/Web Testing/TC005_View history" time="8.517" classname="Test Cases/Web Testing/TC005_View history" status="PASSED">
         <system-out><![CDATA[29-01-2024T12:08:53 - [TEST_CASE][PASSED] - Test Cases/Web Testing/TC005_View history: Test Cases/Web Testing/TC005_View history

29-01-2024T12:08:53 - [TEST_STEP][PASSED] - callTestCase(findTestCase("Web Testing/View history"), [:], STOP_ON_FAILURE): Call Test Case 'Test Cases/Web Testing/View history' successfully

29-01-2024T12:08:53 - [TEST_CASE][PASSED] - Test Cases/Web Testing/View history: Test Cases/Web Testing/View history

29-01-2024T12:08:53 - [TEST_STEP][PASSED] - callTestCase(findTestCase("Web Testing/Reused Test Cases/Book Appointment"), [:], STOP_ON_FAILURE): Call Test Case 'Test Cases/Web Testing/Reused Test Cases/Book Appointment' successfully

29-01-2024T12:08:53 - [TEST_CASE][PASSED] - Test Cases/Web Testing/Reused Test Cases/Book Appointment: Test Cases/Web Testing/Reused Test Cases/Book Appointment

29-01-2024T12:08:53 - [TEST_STEP][PASSED] - callTestCase(findTestCase("Web Testing/Reused Test Cases/Login"), [:], STOP_ON_FAILURE): Call Test Case 'Test Cases/Web Testing/Reused Test Cases/Login' successfully

29-01-2024T12:08:53 - [TEST_CASE][PASSED] - Test Cases/Web Testing/Reused Test Cases/Login: Test Cases/Web Testing/Reused Test Cases/Login

29-01-2024T12:08:53 - [TEST_STEP][PASSED] - openBrowser(""): Browser is opened with url: ''

29-01-2024T12:08:53 - [MESSAGE][WARNING] - A browser is already opened. Closing browser and opening a new one

29-01-2024T12:08:53 - [MESSAGE][INFO] - Starting 'Chrome (headless)' driver

29-01-2024T12:08:53 - [MESSAGE][INFO] - Action delay is set to 0 milliseconds

29-01-2024T12:08:53 - [MESSAGE][PASSED] - Browser is opened with url: ''

29-01-2024T12:08:53 - [TEST_STEP][PASSED] - navigateToUrl("https://katalon-demo-cura.herokuapp.com/"): Navigate to 'https://katalon-demo-cura.herokuapp.com/' successfully

29-01-2024T12:08:58 - [MESSAGE][PASSED] - Navigate to 'https://katalon-demo-cura.herokuapp.com/' successfully

29-01-2024T12:08:58 - [TEST_STEP][PASSED] - click(findTestObject("Object Repository/Page_CURA Healthcare Service/a_Make Appointment")): Object: 'Object Repository/Page_CURA Healthcare Service/a_Make Appointment' is clicked on

29-01-2024T12:08:58 - [MESSAGE][PASSED] - Object: 'Object Repository/Page_CURA Healthcare Service/a_Make Appointment' is clicked on

29-01-2024T12:08:58 - [TEST_STEP][PASSED] - setText(findTestObject("Object Repository/Page_CURA Healthcare Service/input_username"), Username): Text 'John Doe' is set on object 'Object Repository/Page_CURA Healthcare Service/input_username'

29-01-2024T12:08:58 - [MESSAGE][PASSED] - Text 'John Doe' is set on object 'Object Repository/Page_CURA Healthcare Service/input_username'

29-01-2024T12:08:58 - [TEST_STEP][PASSED] - setText(findTestObject("Object Repository/Page_CURA Healthcare Service/input_password"), Password): Text 'ThisIsNotAPassword' is set on object 'Object Repository/Page_CURA Healthcare Service/input_password'

29-01-2024T12:08:58 - [MESSAGE][PASSED] - Text 'ThisIsNotAPassword' is set on object 'Object Repository/Page_CURA Healthcare Service/input_password'

29-01-2024T12:08:58 - [TEST_STEP][PASSED] - click(findTestObject("Object Repository/Page_CURA Healthcare Service/button_Login")): Object: 'Object Repository/Page_CURA Healthcare Service/button_Login' is clicked on

29-01-2024T12:08:59 - [MESSAGE][PASSED] - Object: 'Object Repository/Page_CURA Healthcare Service/button_Login' is clicked on

29-01-2024T12:08:59 - [MESSAGE][PASSED] - Call Test Case 'Test Cases/Web Testing/Reused Test Cases/Login' successfully

29-01-2024T12:08:59 - [TEST_STEP][PASSED] - selectOptionByValue(findTestObject("Object Repository/Page_CURA Healthcare Service/select_Tokyo CURA Healthcare Center        _5b4107"), "Seoul CURA Healthcare Center", true): All options with value 'Seoul CURA Healthcare Center' are selected in object 'Object Repository/Page_CURA Healthcare Service/select_Tokyo CURA Healthcare Center        _5b4107'  using regular expression

29-01-2024T12:09:00 - [MESSAGE][PASSED] - All options with value 'Seoul CURA Healthcare Center' are selected in object 'Object Repository/Page_CURA Healthcare Service/select_Tokyo CURA Healthcare Center        _5b4107'  using regular expression

29-01-2024T12:09:00 - [TEST_STEP][PASSED] - click(findTestObject("Object Repository/Page_CURA Healthcare Service/input_programs")): Object: 'Object Repository/Page_CURA Healthcare Service/input_programs' is clicked on

29-01-2024T12:09:00 - [MESSAGE][PASSED] - Object: 'Object Repository/Page_CURA Healthcare Service/input_programs' is clicked on

29-01-2024T12:09:00 - [TEST_STEP][PASSED] - click(findTestObject("Object Repository/Page_CURA Healthcare Service/input_visit_date")): Object: 'Object Repository/Page_CURA Healthcare Service/input_visit_date' is clicked on

29-01-2024T12:09:00 - [MESSAGE][PASSED] - Object: 'Object Repository/Page_CURA Healthcare Service/input_visit_date' is clicked on

29-01-2024T12:09:00 - [TEST_STEP][PASSED] - click(findTestObject("Object Repository/Page_CURA Healthcare Service/td_31")): Object: 'Object Repository/Page_CURA Healthcare Service/td_31' is clicked on

29-01-2024T12:09:00 - [MESSAGE][PASSED] - Object: 'Object Repository/Page_CURA Healthcare Service/td_31' is clicked on

29-01-2024T12:09:00 - [TEST_STEP][PASSED] - setText(findTestObject("Object Repository/Page_CURA Healthcare Service/textarea_comment"), "No comment"): Text 'No comment' is set on object 'Object Repository/Page_CURA Healthcare Service/textarea_comment'

29-01-2024T12:09:00 - [MESSAGE][PASSED] - Text 'No comment' is set on object 'Object Repository/Page_CURA Healthcare Service/textarea_comment'

29-01-2024T12:09:00 - [TEST_STEP][PASSED] - click(findTestObject("Object Repository/Page_CURA Healthcare Service/button_Book Appointment")): Object: 'Object Repository/Page_CURA Healthcare Service/button_Book Appointment' is clicked on

29-01-2024T12:09:00 - [MESSAGE][PASSED] - Object: 'Object Repository/Page_CURA Healthcare Service/button_Book Appointment' is clicked on

29-01-2024T12:09:00 - [TEST_STEP][PASSED] - navigateToUrl("https://katalon-demo-cura.herokuapp.com/appointment.php#summary"): Navigate to 'https://katalon-demo-cura.herokuapp.com/appointment.php#summary' successfully

29-01-2024T12:09:00 - [MESSAGE][PASSED] - Navigate to 'https://katalon-demo-cura.herokuapp.com/appointment.php#summary' successfully

29-01-2024T12:09:00 - [TEST_STEP][PASSED] - verifyElementText(findTestObject("Object Repository/Page_CURA Healthcare Service/h2_Appointment Confirmation"), "Appointment Confirmation"): Actual text and expected text of test object 'Object Repository/Page_CURA Healthcare Service/h2_Appointment Confirmation' are matched.

29-01-2024T12:09:00 - [MESSAGE][PASSED] - Actual text and expected text of test object 'Object Repository/Page_CURA Healthcare Service/h2_Appointment Confirmation' are matched.

29-01-2024T12:09:00 - [TEST_STEP][PASSED] - takeScreenshotAsCheckpoint("AppointmentConfirmation"): Taking screenshot successfully

29-01-2024T12:09:01 - [MESSAGE][INFO] - 0 hidden object(s)

29-01-2024T12:09:01 - [MESSAGE][PASSED] - Taking screenshot successfully
[[ATTACHMENT|keyes/keyes-AppointmentConfirmation.png]]

29-01-2024T12:09:01 - [MESSAGE][PASSED] - Call Test Case 'Test Cases/Web Testing/Reused Test Cases/Book Appointment' successfully

29-01-2024T12:09:01 - [TEST_STEP][PASSED] - click(findTestObject("Object Repository/Page_CURA Healthcare Service/i_fa fa-bars")): Object: 'Object Repository/Page_CURA Healthcare Service/i_fa fa-bars' is clicked on

29-01-2024T12:09:01 - [MESSAGE][PASSED] - Object: 'Object Repository/Page_CURA Healthcare Service/i_fa fa-bars' is clicked on

29-01-2024T12:09:01 - [TEST_STEP][PASSED] - click(findTestObject("Object Repository/Page_CURA Healthcare Service/a_History")): Object: 'Object Repository/Page_CURA Healthcare Service/a_History' is clicked on

29-01-2024T12:09:01 - [MESSAGE][PASSED] - Object: 'Object Repository/Page_CURA Healthcare Service/a_History' is clicked on

29-01-2024T12:09:01 - [TEST_STEP][PASSED] - navigateToUrl("https://katalon-demo-cura.herokuapp.com/history.php#history"): Navigate to 'https://katalon-demo-cura.herokuapp.com/history.php#history' successfully

29-01-2024T12:09:01 - [MESSAGE][PASSED] - Navigate to 'https://katalon-demo-cura.herokuapp.com/history.php#history' successfully

29-01-2024T12:09:01 - [TEST_STEP][PASSED] - currentwindow = getUrl(): Current window's url is: 'https://katalon-demo-cura.herokuapp.com/history.php#history'

29-01-2024T12:09:01 - [MESSAGE][PASSED] - Current window's url is: 'https://katalon-demo-cura.herokuapp.com/history.php#history'

29-01-2024T12:09:01 - [TEST_STEP][PASSED] - verifyMatch(currentwindow, "https://katalon-demo-cura.herokuapp.com/history.php#history", false): Actual text 'https://katalon-demo-cura.herokuapp.com/history.php#history' and expected text 'https://katalon-demo-cura.herokuapp.com/history.php#history' are matched 

29-01-2024T12:09:01 - [MESSAGE][PASSED] - Actual text 'https://katalon-demo-cura.herokuapp.com/history.php#history' and expected text 'https://katalon-demo-cura.herokuapp.com/history.php#history' are matched 

29-01-2024T12:09:01 - [TEST_STEP][PASSED] - verifyElementText(findTestObject("Object Repository/Page_CURA Healthcare Service/h2_History"), "History"): Actual text and expected text of test object 'Object Repository/Page_CURA Healthcare Service/h2_History' are matched.

29-01-2024T12:09:01 - [MESSAGE][PASSED] - Actual text and expected text of test object 'Object Repository/Page_CURA Healthcare Service/h2_History' are matched.

29-01-2024T12:09:01 - [TEST_STEP][PASSED] - verifyElementText(findTestObject("Object Repository/Page_CURA Healthcare Service/p_Seoul CURA Healthcare Center"), "Seoul CURA Healthcare Center"): Actual text and expected text of test object 'Object Repository/Page_CURA Healthcare Service/p_Seoul CURA Healthcare Center' are matched.

29-01-2024T12:09:01 - [MESSAGE][PASSED] - Actual text and expected text of test object 'Object Repository/Page_CURA Healthcare Service/p_Seoul CURA Healthcare Center' are matched.

29-01-2024T12:09:01 - [TEST_STEP][PASSED] - verifyElementText(findTestObject("Object Repository/Page_CURA Healthcare Service/p_No"), "No"): Actual text and expected text of test object 'Object Repository/Page_CURA Healthcare Service/p_No' are matched.

29-01-2024T12:09:01 - [MESSAGE][PASSED] - Actual text and expected text of test object 'Object Repository/Page_CURA Healthcare Service/p_No' are matched.

29-01-2024T12:09:01 - [TEST_STEP][PASSED] - verifyElementText(findTestObject("Object Repository/Page_CURA Healthcare Service/p_Medicaid"), "Medicaid"): Actual text and expected text of test object 'Object Repository/Page_CURA Healthcare Service/p_Medicaid' are matched.

29-01-2024T12:09:01 - [MESSAGE][PASSED] - Actual text and expected text of test object 'Object Repository/Page_CURA Healthcare Service/p_Medicaid' are matched.

29-01-2024T12:09:01 - [TEST_STEP][PASSED] - verifyElementText(findTestObject("Object Repository/Page_CURA Healthcare Service/p_No comment"), "No comment"): Actual text and expected text of test object 'Object Repository/Page_CURA Healthcare Service/p_No comment' are matched.

29-01-2024T12:09:01 - [MESSAGE][PASSED] - Actual text and expected text of test object 'Object Repository/Page_CURA Healthcare Service/p_No comment' are matched.

29-01-2024T12:09:01 - [MESSAGE][PASSED] - Call Test Case 'Test Cases/Web Testing/View history' successfully]]></system-out>
         <system-err><![CDATA[]]></system-err>
      </testcase>
      <testcase name="Test Cases/Web Testing/TC006_View profile" time="6.34" classname="Test Cases/Web Testing/TC006_View profile" status="PASSED">
         <system-out><![CDATA[29-01-2024T12:09:01 - [TEST_CASE][PASSED] - Test Cases/Web Testing/TC006_View profile: Test Cases/Web Testing/TC006_View profile

29-01-2024T12:09:01 - [TEST_STEP][PASSED] - callTestCase(findTestCase("Web Testing/View profile"), [:], STOP_ON_FAILURE): Call Test Case 'Test Cases/Web Testing/View profile' successfully

29-01-2024T12:09:02 - [TEST_CASE][PASSED] - Test Cases/Web Testing/View profile: Test Cases/Web Testing/View profile

29-01-2024T12:09:02 - [TEST_STEP][PASSED] - callTestCase(findTestCase("Web Testing/Reused Test Cases/Login"), ["Username":"John Doe", "Password":"ThisIsNotAPassword"], STOP_ON_FAILURE): Call Test Case 'Test Cases/Web Testing/Reused Test Cases/Login' successfully

29-01-2024T12:09:02 - [TEST_CASE][PASSED] - Test Cases/Web Testing/Reused Test Cases/Login: Test Cases/Web Testing/Reused Test Cases/Login

29-01-2024T12:09:02 - [TEST_STEP][PASSED] - openBrowser(""): Browser is opened with url: ''

29-01-2024T12:09:02 - [MESSAGE][WARNING] - A browser is already opened. Closing browser and opening a new one

29-01-2024T12:09:02 - [MESSAGE][INFO] - Starting 'Chrome (headless)' driver

29-01-2024T12:09:02 - [MESSAGE][INFO] - Action delay is set to 0 milliseconds

29-01-2024T12:09:02 - [MESSAGE][PASSED] - Browser is opened with url: ''

29-01-2024T12:09:02 - [TEST_STEP][PASSED] - navigateToUrl("https://katalon-demo-cura.herokuapp.com/"): Navigate to 'https://katalon-demo-cura.herokuapp.com/' successfully

29-01-2024T12:09:05 - [MESSAGE][PASSED] - Navigate to 'https://katalon-demo-cura.herokuapp.com/' successfully

29-01-2024T12:09:05 - [TEST_STEP][PASSED] - click(findTestObject("Object Repository/Page_CURA Healthcare Service/a_Make Appointment")): Object: 'Object Repository/Page_CURA Healthcare Service/a_Make Appointment' is clicked on

29-01-2024T12:09:06 - [MESSAGE][PASSED] - Object: 'Object Repository/Page_CURA Healthcare Service/a_Make Appointment' is clicked on

29-01-2024T12:09:06 - [TEST_STEP][PASSED] - setText(findTestObject("Object Repository/Page_CURA Healthcare Service/input_username"), Username): Text 'John Doe' is set on object 'Object Repository/Page_CURA Healthcare Service/input_username'

29-01-2024T12:09:06 - [MESSAGE][PASSED] - Text 'John Doe' is set on object 'Object Repository/Page_CURA Healthcare Service/input_username'

29-01-2024T12:09:06 - [TEST_STEP][PASSED] - setText(findTestObject("Object Repository/Page_CURA Healthcare Service/input_password"), Password): Text 'ThisIsNotAPassword' is set on object 'Object Repository/Page_CURA Healthcare Service/input_password'

29-01-2024T12:09:06 - [MESSAGE][PASSED] - Text 'ThisIsNotAPassword' is set on object 'Object Repository/Page_CURA Healthcare Service/input_password'

29-01-2024T12:09:06 - [TEST_STEP][PASSED] - click(findTestObject("Object Repository/Page_CURA Healthcare Service/button_Login")): Object: 'Object Repository/Page_CURA Healthcare Service/button_Login' is clicked on

29-01-2024T12:09:07 - [MESSAGE][PASSED] - Object: 'Object Repository/Page_CURA Healthcare Service/button_Login' is clicked on

29-01-2024T12:09:07 - [MESSAGE][PASSED] - Call Test Case 'Test Cases/Web Testing/Reused Test Cases/Login' successfully

29-01-2024T12:09:07 - [TEST_STEP][PASSED] - click(findTestObject("Object Repository/Page_CURA Healthcare Service/amenu-toggle")): Object: 'Object Repository/Page_CURA Healthcare Service/amenu-toggle' is clicked on

29-01-2024T12:09:07 - [MESSAGE][PASSED] - Object: 'Object Repository/Page_CURA Healthcare Service/amenu-toggle' is clicked on

29-01-2024T12:09:07 - [TEST_STEP][PASSED] - click(findTestObject("Object Repository/Page_CURA Healthcare Service/a_Profile")): Object: 'Object Repository/Page_CURA Healthcare Service/a_Profile' is clicked on

29-01-2024T12:09:08 - [MESSAGE][PASSED] - Object: 'Object Repository/Page_CURA Healthcare Service/a_Profile' is clicked on

29-01-2024T12:09:08 - [TEST_STEP][PASSED] - navigateToUrl("https://katalon-demo-cura.herokuapp.com/profile.php#profile"): Navigate to 'https://katalon-demo-cura.herokuapp.com/profile.php#profile' successfully

29-01-2024T12:09:08 - [MESSAGE][PASSED] - Navigate to 'https://katalon-demo-cura.herokuapp.com/profile.php#profile' successfully

29-01-2024T12:09:08 - [TEST_STEP][PASSED] - verifyElementText(findTestObject("Object Repository/Page_CURA Healthcare Service/h2_Profile"), "Profile"): Actual text and expected text of test object 'Object Repository/Page_CURA Healthcare Service/h2_Profile' are matched.

29-01-2024T12:09:08 - [MESSAGE][PASSED] - Actual text and expected text of test object 'Object Repository/Page_CURA Healthcare Service/h2_Profile' are matched.

29-01-2024T12:09:08 - [TEST_STEP][PASSED] - verifyElementPresent(findTestObject("Object Repository/Page_CURA Healthcare Service/a_Logout"), 0): Object 'Object Repository/Page_CURA Healthcare Service/a_Logout' is present

29-01-2024T12:09:08 - [MESSAGE][WARNING] - Timeout '0' is invalid. Using default page load timeout: '30'

29-01-2024T12:09:08 - [MESSAGE][PASSED] - Object 'Object Repository/Page_CURA Healthcare Service/a_Logout' is present

29-01-2024T12:09:08 - [MESSAGE][PASSED] - Call Test Case 'Test Cases/Web Testing/View profile' successfully]]></system-out>
         <system-err><![CDATA[]]></system-err>
      </testcase>
      <testcase name="Test Cases/Web Testing/TC007_Login_Homepage bar" time="6.288" classname="Test Cases/Web Testing/TC007_Login_Homepage bar" status="PASSED">
         <system-out><![CDATA[29-01-2024T12:09:08 - [TEST_CASE][PASSED] - Test Cases/Web Testing/TC007_Login_Homepage bar: Test Cases/Web Testing/TC007_Login_Homepage bar

29-01-2024T12:09:08 - [TEST_STEP][PASSED] - callTestCase(findTestCase("Web Testing/Login_Homepage bar"), [:], STOP_ON_FAILURE): Call Test Case 'Test Cases/Web Testing/Login_Homepage bar' successfully

29-01-2024T12:09:08 - [TEST_CASE][PASSED] - Test Cases/Web Testing/Login_Homepage bar: Test Cases/Web Testing/Login_Homepage bar

29-01-2024T12:09:08 - [TEST_STEP][PASSED] - openBrowser(""): Browser is opened with url: ''

29-01-2024T12:09:08 - [MESSAGE][WARNING] - A browser is already opened. Closing browser and opening a new one

29-01-2024T12:09:08 - [MESSAGE][INFO] - Starting 'Chrome (headless)' driver

29-01-2024T12:09:08 - [MESSAGE][INFO] - Action delay is set to 0 milliseconds

29-01-2024T12:09:08 - [MESSAGE][PASSED] - Browser is opened with url: ''

29-01-2024T12:09:08 - [TEST_STEP][PASSED] - navigateToUrl("https://katalon-demo-cura.herokuapp.com/"): Navigate to 'https://katalon-demo-cura.herokuapp.com/' successfully

29-01-2024T12:09:12 - [MESSAGE][PASSED] - Navigate to 'https://katalon-demo-cura.herokuapp.com/' successfully

29-01-2024T12:09:12 - [TEST_STEP][PASSED] - click(findTestObject("Object Repository/Page_CURA Healthcare Service/amenu-toggle")): Object: 'Object Repository/Page_CURA Healthcare Service/amenu-toggle' is clicked on

29-01-2024T12:09:12 - [MESSAGE][PASSED] - Object: 'Object Repository/Page_CURA Healthcare Service/amenu-toggle' is clicked on

29-01-2024T12:09:12 - [TEST_STEP][PASSED] - click(findTestObject("Object Repository/Page_CURA Healthcare Service/a_Login")): Object: 'Object Repository/Page_CURA Healthcare Service/a_Login' is clicked on

29-01-2024T12:09:13 - [MESSAGE][PASSED] - Object: 'Object Repository/Page_CURA Healthcare Service/a_Login' is clicked on

29-01-2024T12:09:13 - [TEST_STEP][PASSED] - setText(findTestObject("Object Repository/Page_CURA Healthcare Service/input_username"), "John Doe"): Text 'John Doe' is set on object 'Object Repository/Page_CURA Healthcare Service/input_username'

29-01-2024T12:09:13 - [MESSAGE][PASSED] - Text 'John Doe' is set on object 'Object Repository/Page_CURA Healthcare Service/input_username'

29-01-2024T12:09:13 - [TEST_STEP][PASSED] - click(findTestObject("Object Repository/Page_CURA Healthcare Service/input_form-control_1")): Object: 'Object Repository/Page_CURA Healthcare Service/input_form-control_1' is clicked on

29-01-2024T12:09:13 - [MESSAGE][PASSED] - Object: 'Object Repository/Page_CURA Healthcare Service/input_form-control_1' is clicked on

29-01-2024T12:09:13 - [TEST_STEP][PASSED] - setEncryptedText(findTestObject("Object Repository/Page_CURA Healthcare Service/input_password"), "g3/DOGG74jC3Flrr3yH+3D/yKbOqqUNM"): Text ****** has been set on object 'Object Repository/Page_CURA Healthcare Service/input_password'

29-01-2024T12:09:13 - [MESSAGE][PASSED] - Text ****** has been set on object 'Object Repository/Page_CURA Healthcare Service/input_password'

29-01-2024T12:09:13 - [TEST_STEP][PASSED] - click(findTestObject("Object Repository/Page_CURA Healthcare Service/button_Login")): Object: 'Object Repository/Page_CURA Healthcare Service/button_Login' is clicked on

29-01-2024T12:09:14 - [MESSAGE][PASSED] - Object: 'Object Repository/Page_CURA Healthcare Service/button_Login' is clicked on

29-01-2024T12:09:14 - [TEST_STEP][PASSED] - closeBrowser(): Browser is closed

29-01-2024T12:09:14 - [MESSAGE][PASSED] - Browser is closed

29-01-2024T12:09:14 - [MESSAGE][PASSED] - Call Test Case 'Test Cases/Web Testing/Login_Homepage bar' successfully]]></system-out>
         <system-err><![CDATA[]]></system-err>
      </testcase>
      <system-out><![CDATA[29-01-2024T12:08:09 - [TEST_SUITE][PASSED] - Basic sanity - Copy: Test Cases/Web Testing/TC007_Login_Homepage bar]]></system-out>
      <system-err><![CDATA[]]></system-err>
   </testsuite>
</testsuites>
